{"C:\\Promptwars\\electiq\\src\\App.jsx": {"path":"C:\\Promptwars\\electiq\\src\\App.jsx","statementMap":{"0":{"start":{"line":10,"column":2},"end":{"line":19,"column":null}},"1":{"start":{"line":25,"column":8},"end":{"line":25,"column":32}},"2":{"start":{"line":27,"column":2},"end":{"line":35,"column":null}},"3":{"start":{"line":28,"column":19},"end":{"line":32,"column":null}},"4":{"start":{"line":33,"column":4},"end":{"line":33,"column":null}},"5":{"start":{"line":34,"column":4},"end":{"line":34,"column":null}},"6":{"start":{"line":37,"column":2},"end":{"line":44,"column":null}},"7":{"start":{"line":49,"column":2},"end":{"line":51,"column":null}},"8":{"start":{"line":50,"column":4},"end":{"line":50,"column":null}},"9":{"start":{"line":53,"column":2},"end":{"line":56,"column":null}}},"fnMap":{"0":{"name":"Layout","decl":{"start":{"line":9,"column":9},"end":{"line":9,"column":18}},"loc":{"start":{"line":9,"column":18},"end":{"line":19,"column":null}},"line":9},"1":{"name":"AppRoutes","decl":{"start":{"line":24,"column":9},"end":{"line":24,"column":21}},"loc":{"start":{"line":24,"column":21},"end":{"line":44,"column":null}},"line":24},"2":{"name":"(anonymous_2)","decl":{"start":{"line":27,"column":2},"end":{"line":27,"column":18}},"loc":{"start":{"line":27,"column":18},"end":{"line":35,"column":6}},"line":27},"3":{"name":"App","decl":{"start":{"line":48,"column":24},"end":{"line":48,"column":30}},"loc":{"start":{"line":48,"column":30},"end":{"line":56,"column":null}},"line":48},"4":{"name":"(anonymous_4)","decl":{"start":{"line":49,"column":2},"end":{"line":49,"column":18}},"loc":{"start":{"line":49,"column":18},"end":{"line":51,"column":7}},"line":49}},"branchMap":{"0":{"loc":{"start":{"line":33,"column":21},"end":{"line":33,"column":null}},"type":"binary-expr","locations":[{"start":{"line":33,"column":21},"end":{"line":33,"column":50}},{"start":{"line":33,"column":50},"end":{"line":33,"column":null}}],"line":33}},"s":{"0":0,"1":0,"2":0,"3":0,"4":0,"5":0,"6":0,"7":0,"8":0,"9":0},"f":{"0":0,"1":0,"2":0,"3":0,"4":0},"b":{"0":[0,0]},"meta":{"lastBranch":1,"lastFunction":5,"lastStatement":10,"seen":{"f:9:9:9:18":0,"s:10:2:19:Infinity":0,"f:24:9:24:21":1,"s:25:8:25:32":1,"s:27:2:35:Infinity":2,"f:27:2:27:18":2,"s:28:19:32:Infinity":3,"s:33:4:33:Infinity":4,"b:33:21:33:50:33:50:33:Infinity":0,"s:34:4:34:Infinity":5,"s:37:2:44:Infinity":6,"f:48:24:48:30":3,"s:49:2:51:Infinity":7,"f:49:2:49:18":4,"s:50:4:50:Infinity":8,"s:53:2:56:Infinity":9}}}
,"C:\\Promptwars\\electiq\\src\\api\\firebase.js": {"path":"C:\\Promptwars\\electiq\\src\\api\\firebase.js","statementMap":{"0":{"start":{"line":17,"column":23},"end":{"line":30,"column":null}},"1":{"start":{"line":36,"column":0},"end":{"line":43,"column":null}},"2":{"start":{"line":37,"column":2},"end":{"line":40,"column":null}},"3":{"start":{"line":38,"column":4},"end":{"line":38,"column":null}},"4":{"start":{"line":39,"column":4},"end":{"line":39,"column":null}},"5":{"start":{"line":40,"column":4},"end":{"line":40,"column":null}},"6":{"start":{"line":43,"column":2},"end":{"line":43,"column":null}},"7":{"start":{"line":52,"column":2},"end":{"line":52,"column":null}},"8":{"start":{"line":52,"column":13},"end":{"line":52,"column":null}},"9":{"start":{"line":53,"column":2},"end":{"line":56,"column":null}},"10":{"start":{"line":54,"column":4},"end":{"line":54,"column":null}},"11":{"start":{"line":56,"column":4},"end":{"line":56,"column":null}},"12":{"start":{"line":67,"column":2},"end":{"line":67,"column":null}},"13":{"start":{"line":67,"column":11},"end":{"line":67,"column":null}},"14":{"start":{"line":68,"column":2},"end":{"line":77,"column":null}},"15":{"start":{"line":69,"column":4},"end":{"line":69,"column":null}},"16":{"start":{"line":70,"column":4},"end":{"line":74,"column":null}},"17":{"start":{"line":77,"column":4},"end":{"line":77,"column":null}},"18":{"start":{"line":88,"column":2},"end":{"line":88,"column":null}},"19":{"start":{"line":88,"column":11},"end":{"line":88,"column":null}},"20":{"start":{"line":89,"column":2},"end":{"line":113,"column":null}},"21":{"start":{"line":90,"column":10},"end":{"line":93,"column":null}},"22":{"start":{"line":95,"column":21},"end":{"line":95,"column":36}},"23":{"start":{"line":98,"column":25},"end":{"line":100,"column":null}},"24":{"start":{"line":100,"column":8},"end":{"line":100,"column":14}},"25":{"start":{"line":102,"column":4},"end":{"line":107,"column":null}},"26":{"start":{"line":103,"column":24},"end":{"line":103,"column":33}},"27":{"start":{"line":104,"column":6},"end":{"line":105,"column":null}},"28":{"start":{"line":105,"column":8},"end":{"line":105,"column":null}},"29":{"start":{"line":109,"column":18},"end":{"line":109,"column":null}},"30":{"start":{"line":110,"column":4},"end":{"line":110,"column":null}},"31":{"start":{"line":112,"column":4},"end":{"line":112,"column":null}},"32":{"start":{"line":113,"column":4},"end":{"line":113,"column":null}},"33":{"start":{"line":123,"column":2},"end":{"line":130,"column":null}}},"fnMap":{"0":{"name":"ensureAuth","decl":{"start":{"line":51,"column":15},"end":{"line":51,"column":28}},"loc":{"start":{"line":51,"column":28},"end":{"line":56,"column":null}},"line":51},"1":{"name":"saveQuizScore","decl":{"start":{"line":66,"column":22},"end":{"line":66,"column":36}},"loc":{"start":{"line":66,"column":43},"end":{"line":77,"column":null}},"line":66},"2":{"name":"getScoreDistribution","decl":{"start":{"line":87,"column":22},"end":{"line":87,"column":45}},"loc":{"start":{"line":87,"column":45},"end":{"line":113,"column":null}},"line":87},"3":{"name":"(anonymous_3)","decl":{"start":{"line":99,"column":31},"end":{"line":99,"column":34}},"loc":{"start":{"line":100,"column":8},"end":{"line":100,"column":14}},"line":100},"4":{"name":"(anonymous_4)","decl":{"start":{"line":102,"column":13},"end":{"line":102,"column":21}},"loc":{"start":{"line":102,"column":28},"end":{"line":107,"column":null}},"line":102},"5":{"name":"getMockDistribution","decl":{"start":{"line":122,"column":9},"end":{"line":122,"column":31}},"loc":{"start":{"line":122,"column":31},"end":{"line":130,"column":null}},"line":122}},"branchMap":{"0":{"loc":{"start":{"line":37,"column":2},"end":{"line":40,"column":null}},"type":"if","locations":[{"start":{"line":37,"column":2},"end":{"line":40,"column":null}},{"start":{},"end":{}}],"line":37},"1":{"loc":{"start":{"line":52,"column":2},"end":{"line":52,"column":null}},"type":"if","locations":[{"start":{"line":52,"column":2},"end":{"line":52,"column":null}},{"start":{},"end":{}}],"line":52},"2":{"loc":{"start":{"line":67,"column":2},"end":{"line":67,"column":null}},"type":"if","locations":[{"start":{"line":67,"column":2},"end":{"line":67,"column":null}},{"start":{},"end":{}}],"line":67},"3":{"loc":{"start":{"line":88,"column":2},"end":{"line":88,"column":null}},"type":"if","locations":[{"start":{"line":88,"column":2},"end":{"line":88,"column":null}},{"start":{},"end":{}}],"line":88},"4":{"loc":{"start":{"line":104,"column":6},"end":{"line":105,"column":null}},"type":"if","locations":[{"start":{"line":104,"column":6},"end":{"line":105,"column":null}},{"start":{},"end":{}}],"line":104},"5":{"loc":{"start":{"line":104,"column":10},"end":{"line":104,"column":37}},"type":"binary-expr","locations":[{"start":{"line":104,"column":10},"end":{"line":104,"column":24}},{"start":{"line":104,"column":24},"end":{"line":104,"column":37}}],"line":104}},"s":{"0":0,"1":0,"2":0,"3":0,"4":0,"5":0,"6":0,"7":0,"8":0,"9":0,"10":0,"11":0,"12":0,"13":0,"14":0,"15":0,"16":0,"17":0,"18":0,"19":0,"20":0,"21":0,"22":0,"23":0,"24":0,"25":0,"26":0,"27":0,"28":0,"29":0,"30":0,"31":0,"32":0,"33":0},"f":{"0":0,"1":0,"2":0,"3":0,"4":0,"5":0},"b":{"0":[0,0],"1":[0,0],"2":[0,0],"3":[0,0],"4":[0,0],"5":[0,0]},"meta":{"lastBranch":6,"lastFunction":6,"lastStatement":34,"seen":{"s:17:23:30:Infinity":0,"s:36:0:43:Infinity":1,"b:37:2:40:Infinity:undefined:undefined:undefined:undefined":0,"s:37:2:40:Infinity":2,"s:38:4:38:Infinity":3,"s:39:4:39:Infinity":4,"s:40:4:40:Infinity":5,"s:43:2:43:Infinity":6,"f:51:15:51:28":0,"b:52:2:52:Infinity:undefined:undefined:undefined:undefined":1,"s:52:2:52:Infinity":7,"s:52:13:52:Infinity":8,"s:53:2:56:Infinity":9,"s:54:4:54:Infinity":10,"s:56:4:56:Infinity":11,"f:66:22:66:36":1,"b:67:2:67:Infinity:undefined:undefined:undefined:undefined":2,"s:67:2:67:Infinity":12,"s:67:11:67:Infinity":13,"s:68:2:77:Infinity":14,"s:69:4:69:Infinity":15,"s:70:4:74:Infinity":16,"s:77:4:77:Infinity":17,"f:87:22:87:45":2,"b:88:2:88:Infinity:undefined:undefined:undefined:undefined":3,"s:88:2:88:Infinity":18,"s:88:11:88:Infinity":19,"s:89:2:113:Infinity":20,"s:90:10:93:Infinity":21,"s:95:21:95:36":22,"s:98:25:100:Infinity":23,"f:99:31:99:34":3,"s:100:8:100:14":24,"s:102:4:107:Infinity":25,"f:102:13:102:21":4,"s:103:24:103:33":26,"b:104:6:105:Infinity:undefined:undefined:undefined:undefined":4,"s:104:6:105:Infinity":27,"b:104:10:104:24:104:24:104:37":5,"s:105:8:105:Infinity":28,"s:109:18:109:Infinity":29,"s:110:4:110:Infinity":30,"s:112:4:112:Infinity":31,"s:113:4:113:Infinity":32,"f:122:9:122:31":5,"s:123:2:130:Infinity":33}}}
,"C:\\Promptwars\\electiq\\src\\api\\geminiApi.js": {"path":"C:\\Promptwars\\electiq\\src\\api\\geminiApi.js","statementMap":{"0":{"start":{"line":9,"column":22},"end":{"line":9,"column":null}},"1":{"start":{"line":137,"column":17},"end":{"line":137,"column":null}},"2":{"start":{"line":139,"column":2},"end":{"line":139,"column":null}},"3":{"start":{"line":139,"column":45},"end":{"line":139,"column":null}},"4":{"start":{"line":140,"column":16},"end":{"line":140,"column":46}},"5":{"start":{"line":141,"column":2},"end":{"line":149,"column":null}},"6":{"start":{"line":163,"column":16},"end":{"line":163,"column":26}},"7":{"start":{"line":166,"column":2},"end":{"line":168,"column":null}},"8":{"start":{"line":167,"column":4},"end":{"line":167,"column":null}},"9":{"start":{"line":167,"column":27},"end":{"line":167,"column":46}},"10":{"start":{"line":168,"column":4},"end":{"line":168,"column":null}},"11":{"start":{"line":171,"column":2},"end":{"line":187,"column":null}},"12":{"start":{"line":173,"column":17},"end":{"line":178,"column":6}},"13":{"start":{"line":174,"column":35},"end":{"line":177,"column":9}},"14":{"start":{"line":180,"column":19},"end":{"line":180,"column":54}},"15":{"start":{"line":181,"column":21},"end":{"line":181,"column":null}},"16":{"start":{"line":182,"column":4},"end":{"line":182,"column":null}},"17":{"start":{"line":185,"column":4},"end":{"line":185,"column":null}},"18":{"start":{"line":187,"column":4},"end":{"line":187,"column":null}}},"fnMap":{"0":{"name":"getModel","decl":{"start":{"line":136,"column":9},"end":{"line":136,"column":20}},"loc":{"start":{"line":136,"column":20},"end":{"line":149,"column":null}},"line":136},"1":{"name":"sendToGemini","decl":{"start":{"line":162,"column":22},"end":{"line":162,"column":35}},"loc":{"start":{"line":162,"column":62},"end":{"line":187,"column":null}},"line":162},"2":{"name":"(anonymous_2)","decl":{"start":{"line":167,"column":14},"end":{"line":167,"column":22}},"loc":{"start":{"line":167,"column":27},"end":{"line":167,"column":46}},"line":167},"3":{"name":"(anonymous_3)","decl":{"start":{"line":174,"column":23},"end":{"line":174,"column":27}},"loc":{"start":{"line":174,"column":35},"end":{"line":177,"column":9}},"line":174}},"branchMap":{"0":{"loc":{"start":{"line":139,"column":2},"end":{"line":139,"column":null}},"type":"if","locations":[{"start":{"line":139,"column":2},"end":{"line":139,"column":null}},{"start":{},"end":{}}],"line":139},"1":{"loc":{"start":{"line":139,"column":6},"end":{"line":139,"column":45}},"type":"binary-expr","locations":[{"start":{"line":139,"column":6},"end":{"line":139,"column":17}},{"start":{"line":139,"column":17},"end":{"line":139,"column":45}}],"line":139},"2":{"loc":{"start":{"line":162,"column":48},"end":{"line":162,"column":60}},"type":"default-arg","locations":[{"start":{"line":162,"column":58},"end":{"line":162,"column":60}}],"line":162},"3":{"loc":{"start":{"line":166,"column":2},"end":{"line":168,"column":null}},"type":"if","locations":[{"start":{"line":166,"column":2},"end":{"line":168,"column":null}},{"start":{},"end":{}}],"line":166}},"s":{"0":0,"1":0,"2":0,"3":0,"4":0,"5":0,"6":0,"7":0,"8":0,"9":0,"10":0,"11":0,"12":0,"13":0,"14":0,"15":0,"16":0,"17":0,"18":0},"f":{"0":0,"1":0,"2":0,"3":0},"b":{"0":[0,0],"1":[0,0],"2":[0],"3":[0,0]},"meta":{"lastBranch":4,"lastFunction":4,"lastStatement":19,"seen":{"s:9:22:9:Infinity":0,"f:136:9:136:20":0,"s:137:17:137:Infinity":1,"b:139:2:139:Infinity:undefined:undefined:undefined:undefined":0,"s:139:2:139:Infinity":2,"b:139:6:139:17:139:17:139:45":1,"s:139:45:139:Infinity":3,"s:140:16:140:46":4,"s:141:2:149:Infinity":5,"f:162:22:162:35":1,"b:162:58:162:60":2,"s:163:16:163:26":6,"b:166:2:168:Infinity:undefined:undefined:undefined:undefined":3,"s:166:2:168:Infinity":7,"s:167:4:167:Infinity":8,"f:167:14:167:22":2,"s:167:27:167:46":9,"s:168:4:168:Infinity":10,"s:171:2:187:Infinity":11,"s:173:17:178:6":12,"f:174:23:174:27":3,"s:174:35:177:9":13,"s:180:19:180:54":14,"s:181:21:181:Infinity":15,"s:182:4:182:Infinity":16,"s:185:4:185:Infinity":17,"s:187:4:187:Infinity":18}}}
,"C:\\Promptwars\\electiq\\src\\components\\ChatBubble.jsx": {"path":"C:\\Promptwars\\electiq\\src\\components\\ChatBubble.jsx","statementMap":{"0":{"start":{"line":4,"column":6},"end":{"line":31,"column":null}},"1":{"start":{"line":5,"column":2},"end":{"line":14,"column":null}},"2":{"start":{"line":6,"column":4},"end":{"line":14,"column":null}},"3":{"start":{"line":18,"column":2},"end":{"line":27,"column":null}},"4":{"start":{"line":33,"column":0},"end":{"line":37,"column":null}}},"fnMap":{"0":{"name":"ChatBubble","decl":{"start":{"line":4,"column":33},"end":{"line":4,"column":44}},"loc":{"start":{"line":4,"column":74},"end":{"line":31,"column":null}},"line":4}},"branchMap":{"0":{"loc":{"start":{"line":5,"column":2},"end":{"line":14,"column":null}},"type":"if","locations":[{"start":{"line":5,"column":2},"end":{"line":14,"column":null}},{"start":{},"end":{}}],"line":5}},"s":{"0":1,"1":5,"2":3,"3":2,"4":1},"f":{"0":5},"b":{"0":[3,2]},"meta":{"lastBranch":1,"lastFunction":1,"lastStatement":5,"seen":{"s:4:6:31:Infinity":0,"f:4:33:4:44":0,"b:5:2:14:Infinity:undefined:undefined:undefined:undefined":0,"s:5:2:14:Infinity":1,"s:6:4:14:Infinity":2,"s:18:2:27:Infinity":3,"s:33:0:37:Infinity":4}}}
,"C:\\Promptwars\\electiq\\src\\components\\ErrorBoundary.jsx": {"path":"C:\\Promptwars\\electiq\\src\\components\\ErrorBoundary.jsx","statementMap":{"0":{"start":{"line":9,"column":10},"end":{"line":9,"column":null}},"1":{"start":{"line":12,"column":4},"end":{"line":12,"column":null}},"2":{"start":{"line":16,"column":4},"end":{"line":16,"column":null}},"3":{"start":{"line":17,"column":4},"end":{"line":17,"column":null}},"4":{"start":{"line":21,"column":4},"end":{"line":22,"column":null}},"5":{"start":{"line":22,"column":6},"end":{"line":22,"column":null}},"6":{"start":{"line":24,"column":4},"end":{"line":47,"column":null}},"7":{"start":{"line":40,"column":25},"end":{"line":40,"column":49}}},"fnMap":{"0":{"name":"(anonymous_0)","decl":{"start":{"line":11,"column":9},"end":{"line":11,"column":34}},"loc":{"start":{"line":11,"column":41},"end":{"line":12,"column":null}},"line":11},"1":{"name":"(anonymous_1)","decl":{"start":{"line":15,"column":2},"end":{"line":15,"column":20}},"loc":{"start":{"line":15,"column":33},"end":{"line":17,"column":null}},"line":15},"2":{"name":"(anonymous_2)","decl":{"start":{"line":20,"column":2},"end":{"line":20,"column":11}},"loc":{"start":{"line":20,"column":11},"end":{"line":47,"column":null}},"line":20},"3":{"name":"(anonymous_3)","decl":{"start":{"line":40,"column":10},"end":{"line":40,"column":25}},"loc":{"start":{"line":40,"column":25},"end":{"line":40,"column":49}},"line":40}},"branchMap":{"0":{"loc":{"start":{"line":21,"column":4},"end":{"line":22,"column":null}},"type":"if","locations":[{"start":{"line":21,"column":4},"end":{"line":22,"column":null}},{"start":{},"end":{}}],"line":21}},"s":{"0":0,"1":0,"2":0,"3":0,"4":0,"5":0,"6":0,"7":0},"f":{"0":0,"1":0,"2":0,"3":0},"b":{"0":[0,0]},"meta":{"lastBranch":1,"lastFunction":4,"lastStatement":8,"seen":{"s:9:10:9:Infinity":0,"f:11:9:11:34":0,"s:12:4:12:Infinity":1,"f:15:2:15:20":1,"s:16:4:16:Infinity":2,"s:17:4:17:Infinity":3,"f:20:2:20:11":2,"b:21:4:22:Infinity:undefined:undefined:undefined:undefined":0,"s:21:4:22:Infinity":4,"s:22:6:22:Infinity":5,"s:24:4:47:Infinity":6,"f:40:10:40:25":3,"s:40:25:40:49":7}}}
,"C:\\Promptwars\\electiq\\src\\components\\Leaderboard.jsx": {"path":"C:\\Promptwars\\electiq\\src\\components\\Leaderboard.jsx","statementMap":{"0":{"start":{"line":6,"column":15},"end":{"line":6,"column":40}},"1":{"start":{"line":7,"column":20},"end":{"line":7,"column":50}},"2":{"start":{"line":8,"column":19},"end":{"line":8,"column":49}},"3":{"start":{"line":10,"column":2},"end":{"line":17,"column":null}},"4":{"start":{"line":11,"column":4},"end":{"line":16,"column":null}},"5":{"start":{"line":12,"column":6},"end":{"line":12,"column":null}},"6":{"start":{"line":13,"column":6},"end":{"line":13,"column":null}},"7":{"start":{"line":15,"column":6},"end":{"line":15,"column":null}},"8":{"start":{"line":15,"column":23},"end":{"line":15,"column":40}},"9":{"start":{"line":19,"column":2},"end":{"line":39,"column":null}},"10":{"start":{"line":20,"column":4},"end":{"line":39,"column":null}},"11":{"start":{"line":28,"column":12},"end":{"line":34,"column":null}},"12":{"start":{"line":44,"column":34},"end":{"line":44,"column":null}},"13":{"start":{"line":45,"column":19},"end":{"line":45,"column":62}},"14":{"start":{"line":47,"column":2},"end":{"line":77,"column":null}},"15":{"start":{"line":61,"column":24},"end":{"line":61,"column":null}},"16":{"start":{"line":62,"column":30},"end":{"line":62,"column":null}},"17":{"start":{"line":64,"column":10},"end":{"line":71,"column":null}},"18":{"start":{"line":83,"column":0},"end":{"line":85,"column":null}}},"fnMap":{"0":{"name":"Leaderboard","decl":{"start":{"line":5,"column":24},"end":{"line":5,"column":36}},"loc":{"start":{"line":5,"column":51},"end":{"line":77,"column":null}},"line":5},"1":{"name":"(anonymous_1)","decl":{"start":{"line":10,"column":2},"end":{"line":10,"column":18}},"loc":{"start":{"line":10,"column":18},"end":{"line":17,"column":7}},"line":10},"2":{"name":"(anonymous_2)","decl":{"start":{"line":11,"column":27},"end":{"line":11,"column":32}},"loc":{"start":{"line":11,"column":42},"end":{"line":16,"column":null}},"line":11},"3":{"name":"(anonymous_3)","decl":{"start":{"line":15,"column":6},"end":{"line":15,"column":23}},"loc":{"start":{"line":15,"column":23},"end":{"line":15,"column":40}},"line":15},"4":{"name":"(anonymous_4)","decl":{"start":{"line":27,"column":38},"end":{"line":27,"column":43}},"loc":{"start":{"line":28,"column":12},"end":{"line":34,"column":null}},"line":28},"5":{"name":"(anonymous_5)","decl":{"start":{"line":60,"column":36},"end":{"line":60,"column":41}},"loc":{"start":{"line":60,"column":54},"end":{"line":71,"column":null}},"line":60}},"branchMap":{"0":{"loc":{"start":{"line":19,"column":2},"end":{"line":39,"column":null}},"type":"if","locations":[{"start":{"line":19,"column":2},"end":{"line":39,"column":null}},{"start":{},"end":{}}],"line":19},"1":{"loc":{"start":{"line":61,"column":24},"end":{"line":61,"column":null}},"type":"binary-expr","locations":[{"start":{"line":61,"column":24},"end":{"line":61,"column":47}},{"start":{"line":61,"column":47},"end":{"line":61,"column":null}}],"line":61},"2":{"loc":{"start":{"line":67,"column":78},"end":{"line":67,"column":null}},"type":"cond-expr","locations":[{"start":{"line":67,"column":92},"end":{"line":67,"column":107}},{"start":{"line":67,"column":107},"end":{"line":67,"column":null}}],"line":67},"3":{"loc":{"start":{"line":68,"column":33},"end":{"line":68,"column":null}},"type":"cond-expr","locations":[{"start":{"line":68,"column":44},"end":{"line":68,"column":77}},{"start":{"line":68,"column":77},"end":{"line":68,"column":null}}],"line":68}},"s":{"0":0,"1":0,"2":0,"3":0,"4":0,"5":0,"6":0,"7":0,"8":0,"9":0,"10":0,"11":0,"12":0,"13":0,"14":0,"15":0,"16":0,"17":0,"18":0},"f":{"0":0,"1":0,"2":0,"3":0,"4":0,"5":0},"b":{"0":[0,0],"1":[0,0],"2":[0,0],"3":[0,0]},"meta":{"lastBranch":4,"lastFunction":6,"lastStatement":19,"seen":{"f:5:24:5:36":0,"s:6:15:6:40":0,"s:7:20:7:50":1,"s:8:19:8:49":2,"s:10:2:17:Infinity":3,"f:10:2:10:18":1,"s:11:4:16:Infinity":4,"f:11:27:11:32":2,"s:12:6:12:Infinity":5,"s:13:6:13:Infinity":6,"s:15:6:15:Infinity":7,"f:15:6:15:23":3,"s:15:23:15:40":8,"b:19:2:39:Infinity:undefined:undefined:undefined:undefined":0,"s:19:2:39:Infinity":9,"s:20:4:39:Infinity":10,"f:27:38:27:43":4,"s:28:12:34:Infinity":11,"s:44:34:44:Infinity":12,"s:45:19:45:62":13,"s:47:2:77:Infinity":14,"f:60:36:60:41":5,"s:61:24:61:Infinity":15,"b:61:24:61:47:61:47:61:Infinity":1,"s:62:30:62:Infinity":16,"s:64:10:71:Infinity":17,"b:67:92:67:107:67:107:67:Infinity":2,"b:68:44:68:77:68:77:68:Infinity":3,"s:83:0:85:Infinity":18}}}
,"C:\\Promptwars\\electiq\\src\\components\\Navbar.jsx": {"path":"C:\\Promptwars\\electiq\\src\\components\\Navbar.jsx","statementMap":{"0":{"start":{"line":5,"column":14},"end":{"line":9,"column":null}},"1":{"start":{"line":12,"column":15},"end":{"line":12,"column":41}},"2":{"start":{"line":14,"column":2},"end":{"line":71,"column":null}},"3":{"start":{"line":19,"column":39},"end":{"line":19,"column":53}},"4":{"start":{"line":26,"column":12},"end":{"line":37,"column":null}},"5":{"start":{"line":31,"column":16},"end":{"line":33,"column":null}},"6":{"start":{"line":44,"column":25},"end":{"line":44,"column":39}},"7":{"start":{"line":57,"column":12},"end":{"line":69,"column":null}},"8":{"start":{"line":61,"column":29},"end":{"line":61,"column":43}},"9":{"start":{"line":63,"column":16},"end":{"line":64,"column":null}}},"fnMap":{"0":{"name":"Navbar","decl":{"start":{"line":11,"column":24},"end":{"line":11,"column":33}},"loc":{"start":{"line":11,"column":33},"end":{"line":71,"column":null}},"line":11},"1":{"name":"(anonymous_1)","decl":{"start":{"line":19,"column":24},"end":{"line":19,"column":39}},"loc":{"start":{"line":19,"column":39},"end":{"line":19,"column":53}},"line":19},"2":{"name":"(anonymous_2)","decl":{"start":{"line":25,"column":17},"end":{"line":25,"column":22}},"loc":{"start":{"line":26,"column":12},"end":{"line":37,"column":null}},"line":26},"3":{"name":"(anonymous_3)","decl":{"start":{"line":30,"column":14},"end":{"line":30,"column":26}},"loc":{"start":{"line":31,"column":16},"end":{"line":33,"column":null}},"line":31},"4":{"name":"(anonymous_4)","decl":{"start":{"line":44,"column":10},"end":{"line":44,"column":25}},"loc":{"start":{"line":44,"column":25},"end":{"line":44,"column":39}},"line":44},"5":{"name":"(anonymous_5)","decl":{"start":{"line":56,"column":17},"end":{"line":56,"column":22}},"loc":{"start":{"line":57,"column":12},"end":{"line":69,"column":null}},"line":57},"6":{"name":"(anonymous_6)","decl":{"start":{"line":61,"column":14},"end":{"line":61,"column":29}},"loc":{"start":{"line":61,"column":29},"end":{"line":61,"column":43}},"line":61},"7":{"name":"(anonymous_7)","decl":{"start":{"line":62,"column":14},"end":{"line":62,"column":26}},"loc":{"start":{"line":63,"column":16},"end":{"line":64,"column":null}},"line":63}},"branchMap":{"0":{"loc":{"start":{"line":31,"column":16},"end":{"line":33,"column":null}},"type":"cond-expr","locations":[{"start":{"line":32,"column":20},"end":{"line":32,"column":null}},{"start":{"line":33,"column":20},"end":{"line":33,"column":null}}],"line":31},"1":{"loc":{"start":{"line":49,"column":11},"end":{"line":49,"column":null}},"type":"cond-expr","locations":[{"start":{"line":49,"column":18},"end":{"line":49,"column":37}},{"start":{"line":49,"column":36},"end":{"line":49,"column":null}}],"line":49},"2":{"loc":{"start":{"line":54,"column":7},"end":{"line":71,"column":null}},"type":"binary-expr","locations":[{"start":{"line":54,"column":7},"end":{"line":54,"column":null}},{"start":{"line":55,"column":8},"end":{"line":71,"column":null}}],"line":54},"3":{"loc":{"start":{"line":64,"column":18},"end":{"line":64,"column":null}},"type":"cond-expr","locations":[{"start":{"line":64,"column":29},"end":{"line":64,"column":59}},{"start":{"line":64,"column":59},"end":{"line":64,"column":null}}],"line":64}},"s":{"0":1,"1":11,"2":11,"3":0,"4":33,"5":33,"6":4,"7":9,"8":0,"9":9},"f":{"0":11,"1":0,"2":33,"3":33,"4":4,"5":9,"6":0,"7":9},"b":{"0":[11,22],"1":[3,8],"2":[11,3],"3":[3,6]},"meta":{"lastBranch":4,"lastFunction":8,"lastStatement":10,"seen":{"s:5:14:9:Infinity":0,"f:11:24:11:33":0,"s:12:15:12:41":1,"s:14:2:71:Infinity":2,"f:19:24:19:39":1,"s:19:39:19:53":3,"f:25:17:25:22":2,"s:26:12:37:Infinity":4,"f:30:14:30:26":3,"s:31:16:33:Infinity":5,"b:32:20:32:Infinity:33:20:33:Infinity":0,"f:44:10:44:25":4,"s:44:25:44:39":6,"b:49:18:49:37:49:36:49:Infinity":1,"b:54:7:54:Infinity:55:8:71:Infinity":2,"f:56:17:56:22":5,"s:57:12:69:Infinity":7,"f:61:14:61:29":6,"s:61:29:61:43":8,"f:62:14:62:26":7,"s:63:16:64:Infinity":9,"b:64:29:64:59:64:59:64:Infinity":3}}}
,"C:\\Promptwars\\electiq\\src\\components\\QuizCard.jsx": {"path":"C:\\Promptwars\\electiq\\src\\components\\QuizCard.jsx","statementMap":{"0":{"start":{"line":5,"column":6},"end":{"line":91,"column":null}},"1":{"start":{"line":16,"column":8},"end":{"line":40,"column":44}},"2":{"start":{"line":17,"column":4},"end":{"line":17,"column":null}},"3":{"start":{"line":17,"column":20},"end":{"line":17,"column":null}},"4":{"start":{"line":19,"column":4},"end":{"line":38,"column":null}},"5":{"start":{"line":22,"column":8},"end":{"line":22,"column":null}},"6":{"start":{"line":23,"column":8},"end":{"line":23,"column":null}},"7":{"start":{"line":24,"column":8},"end":{"line":24,"column":null}},"8":{"start":{"line":27,"column":8},"end":{"line":27,"column":null}},"9":{"start":{"line":28,"column":21},"end":{"line":28,"column":null}},"10":{"start":{"line":29,"column":8},"end":{"line":29,"column":null}},"11":{"start":{"line":30,"column":8},"end":{"line":30,"column":null}},"12":{"start":{"line":33,"column":8},"end":{"line":33,"column":null}},"13":{"start":{"line":34,"column":21},"end":{"line":34,"column":null}},"14":{"start":{"line":35,"column":8},"end":{"line":35,"column":null}},"15":{"start":{"line":36,"column":8},"end":{"line":36,"column":null}},"16":{"start":{"line":38,"column":8},"end":{"line":38,"column":null}},"17":{"start":{"line":42,"column":2},"end":{"line":87,"column":null}},"18":{"start":{"line":50,"column":24},"end":{"line":50,"column":null}},"19":{"start":{"line":52,"column":20},"end":{"line":52,"column":null}},"20":{"start":{"line":53,"column":10},"end":{"line":53,"column":null}},"21":{"start":{"line":53,"column":36},"end":{"line":53,"column":null}},"22":{"start":{"line":54,"column":10},"end":{"line":54,"column":null}},"23":{"start":{"line":54,"column":36},"end":{"line":54,"column":null}},"24":{"start":{"line":55,"column":10},"end":{"line":55,"column":null}},"25":{"start":{"line":55,"column":49},"end":{"line":55,"column":null}},"26":{"start":{"line":57,"column":10},"end":{"line":75,"column":null}},"27":{"start":{"line":61,"column":29},"end":{"line":61,"column":55}},"28":{"start":{"line":62,"column":32},"end":{"line":62,"column":51}},"29":{"start":{"line":93,"column":0},"end":{"line":102,"column":null}}},"fnMap":{"0":{"name":"QuizCard","decl":{"start":{"line":5,"column":31},"end":{"line":5,"column":40}},"loc":{"start":{"line":14,"column":3},"end":{"line":91,"column":null}},"line":14},"1":{"name":"(anonymous_1)","decl":{"start":{"line":16,"column":24},"end":{"line":16,"column":37}},"loc":{"start":{"line":16,"column":50},"end":{"line":40,"column":6}},"line":16},"2":{"name":"(anonymous_2)","decl":{"start":{"line":49,"column":17},"end":{"line":49,"column":22}},"loc":{"start":{"line":49,"column":33},"end":{"line":75,"column":null}},"line":49},"3":{"name":"(anonymous_3)","decl":{"start":{"line":61,"column":14},"end":{"line":61,"column":29}},"loc":{"start":{"line":61,"column":29},"end":{"line":61,"column":55}},"line":61},"4":{"name":"(anonymous_4)","decl":{"start":{"line":62,"column":14},"end":{"line":62,"column":26}},"loc":{"start":{"line":62,"column":32},"end":{"line":62,"column":51}},"line":62}},"branchMap":{"0":{"loc":{"start":{"line":17,"column":4},"end":{"line":17,"column":null}},"type":"if","locations":[{"start":{"line":17,"column":4},"end":{"line":17,"column":null}},{"start":{},"end":{}}],"line":17},"1":{"loc":{"start":{"line":19,"column":4},"end":{"line":38,"column":null}},"type":"switch","locations":[{"start":{"line":20,"column":6},"end":{"line":20,"column":null}},{"start":{"line":21,"column":6},"end":{"line":24,"column":null}},{"start":{"line":25,"column":6},"end":{"line":25,"column":null}},{"start":{"line":26,"column":6},"end":{"line":30,"column":null}},{"start":{"line":31,"column":6},"end":{"line":31,"column":null}},{"start":{"line":32,"column":6},"end":{"line":36,"column":null}},{"start":{"line":37,"column":6},"end":{"line":38,"column":null}}],"line":19},"2":{"loc":{"start":{"line":28,"column":21},"end":{"line":28,"column":null}},"type":"cond-expr","locations":[{"start":{"line":28,"column":50},"end":{"line":28,"column":62}},{"start":{"line":28,"column":62},"end":{"line":28,"column":null}}],"line":28},"3":{"loc":{"start":{"line":34,"column":21},"end":{"line":34,"column":null}},"type":"cond-expr","locations":[{"start":{"line":34,"column":33},"end":{"line":34,"column":45}},{"start":{"line":34,"column":45},"end":{"line":34,"column":null}}],"line":34},"4":{"loc":{"start":{"line":50,"column":24},"end":{"line":50,"column":null}},"type":"cond-expr","locations":[{"start":{"line":50,"column":41},"end":{"line":50,"column":58}},{"start":{"line":50,"column":61},"end":{"line":50,"column":null}}],"line":50},"5":{"loc":{"start":{"line":53,"column":10},"end":{"line":53,"column":null}},"type":"if","locations":[{"start":{"line":53,"column":10},"end":{"line":53,"column":null}},{"start":{},"end":{}}],"line":53},"6":{"loc":{"start":{"line":54,"column":10},"end":{"line":54,"column":null}},"type":"if","locations":[{"start":{"line":54,"column":10},"end":{"line":54,"column":null}},{"start":{},"end":{}}],"line":54},"7":{"loc":{"start":{"line":55,"column":10},"end":{"line":55,"column":null}},"type":"if","locations":[{"start":{"line":55,"column":10},"end":{"line":55,"column":null}},{"start":{},"end":{}}],"line":55},"8":{"loc":{"start":{"line":55,"column":14},"end":{"line":55,"column":49}},"type":"binary-expr","locations":[{"start":{"line":55,"column":14},"end":{"line":55,"column":28}},{"start":{"line":55,"column":28},"end":{"line":55,"column":49}}],"line":55},"9":{"loc":{"start":{"line":61,"column":29},"end":{"line":61,"column":55}},"type":"binary-expr","locations":[{"start":{"line":61,"column":29},"end":{"line":61,"column":44}},{"start":{"line":61,"column":44},"end":{"line":61,"column":55}}],"line":61},"10":{"loc":{"start":{"line":67,"column":24},"end":{"line":67,"column":null}},"type":"cond-expr","locations":[{"start":{"line":67,"column":37},"end":{"line":67,"column":42}},{"start":{"line":67,"column":42},"end":{"line":67,"column":null}}],"line":67},"11":{"loc":{"start":{"line":69,"column":16},"end":{"line":69,"column":null}},"type":"cond-expr","locations":[{"start":{"line":69,"column":30},"end":{"line":69,"column":49}},{"start":{"line":69,"column":49},"end":{"line":69,"column":null}}],"line":69},"12":{"loc":{"start":{"line":73,"column":15},"end":{"line":73,"column":null}},"type":"binary-expr","locations":[{"start":{"line":73,"column":15},"end":{"line":73,"column":38}},{"start":{"line":73,"column":38},"end":{"line":73,"column":null}}],"line":73},"13":{"loc":{"start":{"line":74,"column":15},"end":{"line":74,"column":null}},"type":"binary-expr","locations":[{"start":{"line":74,"column":15},"end":{"line":74,"column":38}},{"start":{"line":74,"column":38},"end":{"line":74,"column":null}}],"line":74},"14":{"loc":{"start":{"line":80,"column":7},"end":{"line":87,"column":null}},"type":"binary-expr","locations":[{"start":{"line":80,"column":7},"end":{"line":80,"column":21}},{"start":{"line":80,"column":21},"end":{"line":80,"column":null}},{"start":{"line":81,"column":8},"end":{"line":87,"column":null}}],"line":80}},"s":{"0":1,"1":9,"2":0,"3":0,"4":0,"5":0,"6":0,"7":0,"8":0,"9":0,"10":0,"11":0,"12":0,"13":0,"14":0,"15":0,"16":0,"17":9,"18":36,"19":36,"20":36,"21":12,"22":36,"23":0,"24":36,"25":4,"26":36,"27":1,"28":0,"29":1},"f":{"0":9,"1":0,"2":36,"3":1,"4":0},"b":{"0":[0,0],"1":[0,0,0,0,0,0,0],"2":[0,0],"3":[0,0],"4":[36,0],"5":[12,24],"6":[0,36],"7":[4,32],"8":[36,16],"9":[1,1],"10":[16,20],"11":[20,16],"12":[36,12],"13":[36,0],"14":[9,4,4]},"meta":{"lastBranch":15,"lastFunction":5,"lastStatement":30,"seen":{"s:5:6:91:Infinity":0,"f:5:31:5:40":0,"s:16:8:40:44":1,"f:16:24:16:37":1,"b:17:4:17:Infinity:undefined:undefined:undefined:undefined":0,"s:17:4:17:Infinity":2,"s:17:20:17:Infinity":3,"b:20:6:20:Infinity:21:6:24:Infinity:25:6:25:Infinity:26:6:30:Infinity:31:6:31:Infinity:32:6:36:Infinity:37:6:38:Infinity":1,"s:19:4:38:Infinity":4,"s:22:8:22:Infinity":5,"s:23:8:23:Infinity":6,"s:24:8:24:Infinity":7,"s:27:8:27:Infinity":8,"s:28:21:28:Infinity":9,"b:28:50:28:62:28:62:28:Infinity":2,"s:29:8:29:Infinity":10,"s:30:8:30:Infinity":11,"s:33:8:33:Infinity":12,"s:34:21:34:Infinity":13,"b:34:33:34:45:34:45:34:Infinity":3,"s:35:8:35:Infinity":14,"s:36:8:36:Infinity":15,"s:38:8:38:Infinity":16,"s:42:2:87:Infinity":17,"f:49:17:49:22":2,"s:50:24:50:Infinity":18,"b:50:41:50:58:50:61:50:Infinity":4,"s:52:20:52:Infinity":19,"b:53:10:53:Infinity:undefined:undefined:undefined:undefined":5,"s:53:10:53:Infinity":20,"s:53:36:53:Infinity":21,"b:54:10:54:Infinity:undefined:undefined:undefined:undefined":6,"s:54:10:54:Infinity":22,"s:54:36:54:Infinity":23,"b:55:10:55:Infinity:undefined:undefined:undefined:undefined":7,"s:55:10:55:Infinity":24,"b:55:14:55:28:55:28:55:49":8,"s:55:49:55:Infinity":25,"s:57:10:75:Infinity":26,"f:61:14:61:29":3,"s:61:29:61:55":27,"b:61:29:61:44:61:44:61:55":9,"f:62:14:62:26":4,"s:62:32:62:51":28,"b:67:37:67:42:67:42:67:Infinity":10,"b:69:30:69:49:69:49:69:Infinity":11,"b:73:15:73:38:73:38:73:Infinity":12,"b:74:15:74:38:74:38:74:Infinity":13,"b:80:7:80:21:80:21:80:Infinity:81:8:87:Infinity":14,"s:93:0:102:Infinity":29}}}
,"C:\\Promptwars\\electiq\\src\\components\\SkeletonHome.jsx": {"path":"C:\\Promptwars\\electiq\\src\\components\\SkeletonHome.jsx","statementMap":{"0":{"start":{"line":2,"column":2},"end":{"line":54,"column":null}},"1":{"start":{"line":15,"column":10},"end":{"line":19,"column":null}},"2":{"start":{"line":40,"column":12},"end":{"line":51,"column":null}}},"fnMap":{"0":{"name":"SkeletonHome","decl":{"start":{"line":1,"column":24},"end":{"line":1,"column":39}},"loc":{"start":{"line":1,"column":39},"end":{"line":54,"column":null}},"line":1},"1":{"name":"(anonymous_1)","decl":{"start":{"line":14,"column":22},"end":{"line":14,"column":27}},"loc":{"start":{"line":15,"column":10},"end":{"line":19,"column":null}},"line":15},"2":{"name":"(anonymous_2)","decl":{"start":{"line":39,"column":18},"end":{"line":39,"column":23}},"loc":{"start":{"line":40,"column":12},"end":{"line":51,"column":null}},"line":40}},"branchMap":{},"s":{"0":0,"1":0,"2":0},"f":{"0":0,"1":0,"2":0},"b":{},"meta":{"lastBranch":0,"lastFunction":3,"lastStatement":3,"seen":{"f:1:24:1:39":0,"s:2:2:54:Infinity":0,"f:14:22:14:27":1,"s:15:10:19:Infinity":1,"f:39:18:39:23":2,"s:40:12:51:Infinity":2}}}
,"C:\\Promptwars\\electiq\\src\\components\\StatusBadge.jsx": {"path":"C:\\Promptwars\\electiq\\src\\components\\StatusBadge.jsx","statementMap":{"0":{"start":{"line":4,"column":6},"end":{"line":19,"column":null}},"1":{"start":{"line":5,"column":19},"end":{"line":12,"column":null}},"2":{"start":{"line":14,"column":2},"end":{"line":17,"column":null}},"3":{"start":{"line":21,"column":0},"end":{"line":24,"column":null}}},"fnMap":{"0":{"name":"StatusBadge","decl":{"start":{"line":4,"column":34},"end":{"line":4,"column":46}},"loc":{"start":{"line":4,"column":76},"end":{"line":19,"column":null}},"line":4}},"branchMap":{"0":{"loc":{"start":{"line":4,"column":55},"end":{"line":4,"column":76}},"type":"default-arg","locations":[{"start":{"line":4,"column":65},"end":{"line":4,"column":76}}],"line":4},"1":{"loc":{"start":{"line":15,"column":112},"end":{"line":15,"column":null}},"type":"binary-expr","locations":[{"start":{"line":15,"column":112},"end":{"line":15,"column":133}},{"start":{"line":15,"column":133},"end":{"line":15,"column":null}}],"line":15}},"s":{"0":1,"1":5,"2":5,"3":1},"f":{"0":5},"b":{"0":[5],"1":[5,1]},"meta":{"lastBranch":2,"lastFunction":1,"lastStatement":4,"seen":{"s:4:6:19:Infinity":0,"f:4:34:4:46":0,"b:4:65:4:76":0,"s:5:19:12:Infinity":1,"s:14:2:17:Infinity":2,"b:15:112:15:133:15:133:15:Infinity":1,"s:21:0:24:Infinity":3}}}
,"C:\\Promptwars\\electiq\\src\\context\\AppContext.jsx": {"path":"C:\\Promptwars\\electiq\\src\\context\\AppContext.jsx","statementMap":{"0":{"start":{"line":8,"column":6},"end":{"line":8,"column":34}},"1":{"start":{"line":11,"column":8},"end":{"line":17,"column":9}},"2":{"start":{"line":11,"column":31},"end":{"line":17,"column":6}},"3":{"start":{"line":19,"column":2},"end":{"line":22,"column":null}},"4":{"start":{"line":27,"column":8},"end":{"line":27,"column":40}},"5":{"start":{"line":28,"column":2},"end":{"line":29,"column":null}},"6":{"start":{"line":29,"column":4},"end":{"line":29,"column":null}},"7":{"start":{"line":31,"column":2},"end":{"line":31,"column":null}}},"fnMap":{"0":{"name":"AppProvider","decl":{"start":{"line":10,"column":16},"end":{"line":10,"column":28}},"loc":{"start":{"line":10,"column":42},"end":{"line":22,"column":null}},"line":10},"1":{"name":"(anonymous_1)","decl":{"start":{"line":11,"column":16},"end":{"line":11,"column":31}},"loc":{"start":{"line":11,"column":31},"end":{"line":17,"column":6}},"line":11},"2":{"name":"useAppContext","decl":{"start":{"line":26,"column":16},"end":{"line":26,"column":32}},"loc":{"start":{"line":26,"column":32},"end":{"line":31,"column":null}},"line":26}},"branchMap":{"0":{"loc":{"start":{"line":28,"column":2},"end":{"line":29,"column":null}},"type":"if","locations":[{"start":{"line":28,"column":2},"end":{"line":29,"column":null}},{"start":{},"end":{}}],"line":28}},"s":{"0":0,"1":0,"2":0,"3":0,"4":0,"5":0,"6":0,"7":0},"f":{"0":0,"1":0,"2":0},"b":{"0":[0,0]},"meta":{"lastBranch":1,"lastFunction":3,"lastStatement":8,"seen":{"s:8:6:8:34":0,"f:10:16:10:28":0,"s:11:8:17:9":1,"f:11:16:11:31":1,"s:11:31:17:6":2,"s:19:2:22:Infinity":3,"f:26:16:26:32":2,"s:27:8:27:40":4,"b:28:2:29:Infinity:undefined:undefined:undefined:undefined":0,"s:28:2:29:Infinity":5,"s:29:4:29:Infinity":6,"s:31:2:31:Infinity":7}}}
,"C:\\Promptwars\\electiq\\src\\hooks\\useChat.js": {"path":"C:\\Promptwars\\electiq\\src\\hooks\\useChat.js","statementMap":{"0":{"start":{"line":11,"column":19},"end":{"line":11,"column":61}},"1":{"start":{"line":12,"column":16},"end":{"line":12,"column":40}},"2":{"start":{"line":13,"column":19},"end":{"line":13,"column":49}},"3":{"start":{"line":14,"column":21},"end":{"line":14,"column":50}},"4":{"start":{"line":15,"column":16},"end":{"line":15,"column":42}},"5":{"start":{"line":22,"column":8},"end":{"line":84,"column":25}},"6":{"start":{"line":23,"column":10},"end":{"line":23,"column":47}},"7":{"start":{"line":24,"column":4},"end":{"line":24,"column":null}},"8":{"start":{"line":24,"column":15},"end":{"line":24,"column":null}},"9":{"start":{"line":26,"column":4},"end":{"line":26,"column":null}},"10":{"start":{"line":29,"column":20},"end":{"line":36,"column":null}},"11":{"start":{"line":38,"column":4},"end":{"line":38,"column":null}},"12":{"start":{"line":38,"column":24},"end":{"line":38,"column":42}},"13":{"start":{"line":39,"column":4},"end":{"line":40,"column":null}},"14":{"start":{"line":40,"column":6},"end":{"line":40,"column":null}},"15":{"start":{"line":42,"column":4},"end":{"line":42,"column":null}},"16":{"start":{"line":45,"column":4},"end":{"line":48,"column":null}},"17":{"start":{"line":51,"column":27},"end":{"line":53,"column":null}},"18":{"start":{"line":56,"column":4},"end":{"line":82,"column":null}},"19":{"start":{"line":58,"column":20},"end":{"line":58,"column":56}},"20":{"start":{"line":61,"column":20},"end":{"line":68,"column":null}},"21":{"start":{"line":70,"column":6},"end":{"line":70,"column":null}},"22":{"start":{"line":70,"column":26},"end":{"line":70,"column":42}},"23":{"start":{"line":73,"column":6},"end":{"line":76,"column":null}},"24":{"start":{"line":79,"column":6},"end":{"line":79,"column":null}},"25":{"start":{"line":80,"column":6},"end":{"line":80,"column":null}},"26":{"start":{"line":82,"column":6},"end":{"line":82,"column":null}},"27":{"start":{"line":90,"column":8},"end":{"line":95,"column":19}},"28":{"start":{"line":91,"column":4},"end":{"line":93,"column":null}},"29":{"start":{"line":92,"column":6},"end":{"line":92,"column":null}},"30":{"start":{"line":93,"column":6},"end":{"line":93,"column":null}},"31":{"start":{"line":97,"column":2},"end":{"line":105,"column":null}}},"fnMap":{"0":{"name":"useChat","decl":{"start":{"line":10,"column":16},"end":{"line":10,"column":24}},"loc":{"start":{"line":10,"column":38},"end":{"line":105,"column":null}},"line":10},"1":{"name":"(anonymous_1)","decl":{"start":{"line":22,"column":34},"end":{"line":22,"column":41}},"loc":{"start":{"line":22,"column":58},"end":{"line":84,"column":6}},"line":22},"2":{"name":"(anonymous_2)","decl":{"start":{"line":38,"column":4},"end":{"line":38,"column":16}},"loc":{"start":{"line":38,"column":24},"end":{"line":38,"column":42}},"line":38},"3":{"name":"(anonymous_3)","decl":{"start":{"line":70,"column":6},"end":{"line":70,"column":18}},"loc":{"start":{"line":70,"column":26},"end":{"line":70,"column":42}},"line":70},"4":{"name":"(anonymous_4)","decl":{"start":{"line":90,"column":24},"end":{"line":90,"column":37}},"loc":{"start":{"line":90,"column":43},"end":{"line":95,"column":6}},"line":90}},"branchMap":{"0":{"loc":{"start":{"line":23,"column":18},"end":{"line":23,"column":41}},"type":"binary-expr","locations":[{"start":{"line":23,"column":18},"end":{"line":23,"column":34}},{"start":{"line":23,"column":34},"end":{"line":23,"column":41}}],"line":23},"1":{"loc":{"start":{"line":24,"column":4},"end":{"line":24,"column":null}},"type":"if","locations":[{"start":{"line":24,"column":4},"end":{"line":24,"column":null}},{"start":{},"end":{}}],"line":24},"2":{"loc":{"start":{"line":39,"column":4},"end":{"line":40,"column":null}},"type":"if","locations":[{"start":{"line":39,"column":4},"end":{"line":40,"column":null}},{"start":{},"end":{}}],"line":39},"3":{"loc":{"start":{"line":46,"column":6},"end":{"line":46,"column":null}},"type":"cond-expr","locations":[{"start":{"line":46,"column":21},"end":{"line":46,"column":40}},{"start":{"line":46,"column":40},"end":{"line":46,"column":null}}],"line":46},"4":{"loc":{"start":{"line":47,"column":6},"end":{"line":47,"column":null}},"type":"binary-expr","locations":[{"start":{"line":47,"column":6},"end":{"line":47,"column":22}},{"start":{"line":47,"column":22},"end":{"line":47,"column":null}}],"line":47},"5":{"loc":{"start":{"line":91,"column":4},"end":{"line":93,"column":null}},"type":"if","locations":[{"start":{"line":91,"column":4},"end":{"line":93,"column":null}},{"start":{},"end":{}}],"line":91},"6":{"loc":{"start":{"line":91,"column":8},"end":{"line":91,"column":42}},"type":"binary-expr","locations":[{"start":{"line":91,"column":8},"end":{"line":91,"column":29}},{"start":{"line":91,"column":29},"end":{"line":91,"column":42}}],"line":91}},"s":{"0":0,"1":0,"2":0,"3":0,"4":0,"5":0,"6":0,"7":0,"8":0,"9":0,"10":0,"11":0,"12":0,"13":0,"14":0,"15":0,"16":0,"17":0,"18":0,"19":0,"20":0,"21":0,"22":0,"23":0,"24":0,"25":0,"26":0,"27":0,"28":0,"29":0,"30":0,"31":0},"f":{"0":0,"1":0,"2":0,"3":0,"4":0},"b":{"0":[0,0],"1":[0,0],"2":[0,0],"3":[0,0],"4":[0,0],"5":[0,0],"6":[0,0]},"meta":{"lastBranch":7,"lastFunction":5,"lastStatement":32,"seen":{"f:10:16:10:24":0,"s:11:19:11:61":0,"s:12:16:12:40":1,"s:13:19:13:49":2,"s:14:21:14:50":3,"s:15:16:15:42":4,"s:22:8:84:25":5,"f:22:34:22:41":1,"s:23:10:23:47":6,"b:23:18:23:34:23:34:23:41":0,"b:24:4:24:Infinity:undefined:undefined:undefined:undefined":1,"s:24:4:24:Infinity":7,"s:24:15:24:Infinity":8,"s:26:4:26:Infinity":9,"s:29:20:36:Infinity":10,"s:38:4:38:Infinity":11,"f:38:4:38:16":2,"s:38:24:38:42":12,"b:39:4:40:Infinity:undefined:undefined:undefined:undefined":2,"s:39:4:40:Infinity":13,"s:40:6:40:Infinity":14,"s:42:4:42:Infinity":15,"s:45:4:48:Infinity":16,"b:46:21:46:40:46:40:46:Infinity":3,"b:47:6:47:22:47:22:47:Infinity":4,"s:51:27:53:Infinity":17,"s:56:4:82:Infinity":18,"s:58:20:58:56":19,"s:61:20:68:Infinity":20,"s:70:6:70:Infinity":21,"f:70:6:70:18":3,"s:70:26:70:42":22,"s:73:6:76:Infinity":23,"s:79:6:79:Infinity":24,"s:80:6:80:Infinity":25,"s:82:6:82:Infinity":26,"s:90:8:95:19":27,"f:90:24:90:37":4,"b:91:4:93:Infinity:undefined:undefined:undefined:undefined":5,"s:91:4:93:Infinity":28,"b:91:8:91:29:91:29:91:42":6,"s:92:6:92:Infinity":29,"s:93:6:93:Infinity":30,"s:97:2:105:Infinity":31}}}
,"C:\\Promptwars\\electiq\\src\\hooks\\useFactStrip.js": {"path":"C:\\Promptwars\\electiq\\src\\hooks\\useFactStrip.js","statementMap":{"0":{"start":{"line":11,"column":23},"end":{"line":11,"column":53}},"1":{"start":{"line":12,"column":20},"end":{"line":12,"column":50}},"2":{"start":{"line":14,"column":2},"end":{"line":27,"column":null}},"3":{"start":{"line":15,"column":4},"end":{"line":15,"column":null}},"4":{"start":{"line":15,"column":38},"end":{"line":15,"column":null}},"5":{"start":{"line":17,"column":21},"end":{"line":24,"column":12}},"6":{"start":{"line":19,"column":6},"end":{"line":19,"column":null}},"7":{"start":{"line":20,"column":6},"end":{"line":23,"column":null}},"8":{"start":{"line":21,"column":8},"end":{"line":21,"column":null}},"9":{"start":{"line":21,"column":24},"end":{"line":21,"column":68}},"10":{"start":{"line":22,"column":8},"end":{"line":22,"column":null}},"11":{"start":{"line":26,"column":4},"end":{"line":26,"column":null}},"12":{"start":{"line":26,"column":17},"end":{"line":26,"column":40}},"13":{"start":{"line":33,"column":8},"end":{"line":39,"column":8}},"14":{"start":{"line":34,"column":4},"end":{"line":34,"column":null}},"15":{"start":{"line":35,"column":4},"end":{"line":38,"column":null}},"16":{"start":{"line":36,"column":6},"end":{"line":36,"column":null}},"17":{"start":{"line":37,"column":6},"end":{"line":37,"column":null}},"18":{"start":{"line":41,"column":2},"end":{"line":47,"column":null}}},"fnMap":{"0":{"name":"useFactStrip","decl":{"start":{"line":10,"column":16},"end":{"line":10,"column":29}},"loc":{"start":{"line":10,"column":36},"end":{"line":47,"column":null}},"line":10},"1":{"name":"(anonymous_1)","decl":{"start":{"line":14,"column":2},"end":{"line":14,"column":18}},"loc":{"start":{"line":14,"column":18},"end":{"line":27,"column":6}},"line":14},"2":{"name":"(anonymous_2)","decl":{"start":{"line":17,"column":21},"end":{"line":17,"column":39}},"loc":{"start":{"line":17,"column":39},"end":{"line":24,"column":12}},"line":17},"3":{"name":"(anonymous_3)","decl":{"start":{"line":20,"column":6},"end":{"line":20,"column":23}},"loc":{"start":{"line":20,"column":23},"end":{"line":23,"column":13}},"line":20},"4":{"name":"(anonymous_4)","decl":{"start":{"line":21,"column":8},"end":{"line":21,"column":24}},"loc":{"start":{"line":21,"column":24},"end":{"line":21,"column":68}},"line":21},"5":{"name":"(anonymous_5)","decl":{"start":{"line":26,"column":4},"end":{"line":26,"column":17}},"loc":{"start":{"line":26,"column":17},"end":{"line":26,"column":40}},"line":26},"6":{"name":"(anonymous_6)","decl":{"start":{"line":33,"column":19},"end":{"line":33,"column":32}},"loc":{"start":{"line":33,"column":42},"end":{"line":39,"column":7}},"line":33},"7":{"name":"(anonymous_7)","decl":{"start":{"line":35,"column":4},"end":{"line":35,"column":21}},"loc":{"start":{"line":35,"column":21},"end":{"line":38,"column":11}},"line":35}},"branchMap":{"0":{"loc":{"start":{"line":15,"column":4},"end":{"line":15,"column":null}},"type":"if","locations":[{"start":{"line":15,"column":4},"end":{"line":15,"column":null}},{"start":{},"end":{}}],"line":15},"1":{"loc":{"start":{"line":15,"column":8},"end":{"line":15,"column":38}},"type":"binary-expr","locations":[{"start":{"line":15,"column":8},"end":{"line":15,"column":18}},{"start":{"line":15,"column":18},"end":{"line":15,"column":38}}],"line":15},"2":{"loc":{"start":{"line":42,"column":17},"end":{"line":42,"column":null}},"type":"cond-expr","locations":[{"start":{"line":42,"column":25},"end":{"line":42,"column":47}},{"start":{"line":42,"column":47},"end":{"line":42,"column":null}}],"line":42},"3":{"loc":{"start":{"line":44,"column":16},"end":{"line":44,"column":null}},"type":"cond-expr","locations":[{"start":{"line":44,"column":24},"end":{"line":44,"column":39}},{"start":{"line":44,"column":39},"end":{"line":44,"column":null}}],"line":44}},"s":{"0":10,"1":10,"2":10,"3":7,"4":2,"5":5,"6":4,"7":4,"8":4,"9":4,"10":4,"11":5,"12":5,"13":10,"14":1,"15":1,"16":1,"17":1,"18":10},"f":{"0":10,"1":7,"2":4,"3":4,"4":4,"5":5,"6":1,"7":1},"b":{"0":[2,5],"1":[7,6],"2":[9,1],"3":[9,1]},"meta":{"lastBranch":4,"lastFunction":8,"lastStatement":19,"seen":{"f:10:16:10:29":0,"s:11:23:11:53":0,"s:12:20:12:50":1,"s:14:2:27:Infinity":2,"f:14:2:14:18":1,"b:15:4:15:Infinity:undefined:undefined:undefined:undefined":0,"s:15:4:15:Infinity":3,"b:15:8:15:18:15:18:15:38":1,"s:15:38:15:Infinity":4,"s:17:21:24:12":5,"f:17:21:17:39":2,"s:19:6:19:Infinity":6,"s:20:6:23:Infinity":7,"f:20:6:20:23":3,"s:21:8:21:Infinity":8,"f:21:8:21:24":4,"s:21:24:21:68":9,"s:22:8:22:Infinity":10,"s:26:4:26:Infinity":11,"f:26:4:26:17":5,"s:26:17:26:40":12,"s:33:8:39:8":13,"f:33:19:33:32":6,"s:34:4:34:Infinity":14,"s:35:4:38:Infinity":15,"f:35:4:35:21":7,"s:36:6:36:Infinity":16,"s:37:6:37:Infinity":17,"s:41:2:47:Infinity":18,"b:42:25:42:47:42:47:42:Infinity":2,"b:44:24:44:39:44:39:44:Infinity":3}}}
,"C:\\Promptwars\\electiq\\src\\hooks\\useQuiz.js": {"path":"C:\\Promptwars\\electiq\\src\\hooks\\useQuiz.js","statementMap":{"0":{"start":{"line":11,"column":20},"end":{"line":11,"column":53}},"1":{"start":{"line":12,"column":23},"end":{"line":12,"column":53}},"2":{"start":{"line":13,"column":25},"end":{"line":13,"column":60}},"3":{"start":{"line":14,"column":21},"end":{"line":14,"column":53}},"4":{"start":{"line":15,"column":16},"end":{"line":15,"column":39}},"5":{"start":{"line":16,"column":18},"end":{"line":16,"column":44}},"6":{"start":{"line":22,"column":8},"end":{"line":30,"column":8}},"7":{"start":{"line":23,"column":4},"end":{"line":23,"column":null}},"8":{"start":{"line":24,"column":4},"end":{"line":24,"column":null}},"9":{"start":{"line":25,"column":4},"end":{"line":25,"column":null}},"10":{"start":{"line":26,"column":4},"end":{"line":26,"column":null}},"11":{"start":{"line":27,"column":4},"end":{"line":27,"column":null}},"12":{"start":{"line":28,"column":4},"end":{"line":28,"column":null}},"13":{"start":{"line":29,"column":4},"end":{"line":29,"column":null}},"14":{"start":{"line":36,"column":8},"end":{"line":58,"column":43}},"15":{"start":{"line":37,"column":4},"end":{"line":37,"column":null}},"16":{"start":{"line":37,"column":20},"end":{"line":37,"column":null}},"17":{"start":{"line":38,"column":20},"end":{"line":38,"column":null}},"18":{"start":{"line":39,"column":23},"end":{"line":39,"column":null}},"19":{"start":{"line":41,"column":4},"end":{"line":41,"column":null}},"20":{"start":{"line":42,"column":4},"end":{"line":42,"column":null}},"21":{"start":{"line":44,"column":4},"end":{"line":44,"column":null}},"22":{"start":{"line":44,"column":20},"end":{"line":44,"column":null}},"23":{"start":{"line":44,"column":37},"end":{"line":44,"column":46}},"24":{"start":{"line":46,"column":4},"end":{"line":51,"column":null}},"25":{"start":{"line":46,"column":23},"end":{"line":51,"column":6}},"26":{"start":{"line":53,"column":4},"end":{"line":57,"column":null}},"27":{"start":{"line":63,"column":8},"end":{"line":79,"column":57}},"28":{"start":{"line":64,"column":4},"end":{"line":64,"column":null}},"29":{"start":{"line":64,"column":21},"end":{"line":64,"column":null}},"30":{"start":{"line":65,"column":4},"end":{"line":77,"column":null}},"31":{"start":{"line":66,"column":6},"end":{"line":66,"column":null}},"32":{"start":{"line":66,"column":30},"end":{"line":66,"column":39}},"33":{"start":{"line":67,"column":6},"end":{"line":67,"column":null}},"34":{"start":{"line":68,"column":6},"end":{"line":68,"column":null}},"35":{"start":{"line":70,"column":6},"end":{"line":70,"column":null}},"36":{"start":{"line":71,"column":6},"end":{"line":75,"column":null}},"37":{"start":{"line":77,"column":6},"end":{"line":77,"column":null}},"38":{"start":{"line":84,"column":8},"end":{"line":92,"column":8}},"39":{"start":{"line":85,"column":4},"end":{"line":85,"column":null}},"40":{"start":{"line":86,"column":4},"end":{"line":86,"column":null}},"41":{"start":{"line":87,"column":4},"end":{"line":87,"column":null}},"42":{"start":{"line":88,"column":4},"end":{"line":88,"column":null}},"43":{"start":{"line":89,"column":4},"end":{"line":89,"column":null}},"44":{"start":{"line":90,"column":4},"end":{"line":90,"column":null}},"45":{"start":{"line":91,"column":4},"end":{"line":91,"column":null}},"46":{"start":{"line":99,"column":8},"end":{"line":105,"column":59}},"47":{"start":{"line":100,"column":4},"end":{"line":100,"column":null}},"48":{"start":{"line":100,"column":21},"end":{"line":100,"column":null}},"49":{"start":{"line":101,"column":20},"end":{"line":101,"column":null}},"50":{"start":{"line":102,"column":4},"end":{"line":102,"column":null}},"51":{"start":{"line":102,"column":33},"end":{"line":102,"column":null}},"52":{"start":{"line":103,"column":4},"end":{"line":103,"column":null}},"53":{"start":{"line":103,"column":40},"end":{"line":103,"column":null}},"54":{"start":{"line":104,"column":4},"end":{"line":104,"column":null}},"55":{"start":{"line":110,"column":8},"end":{"line":129,"column":13}},"56":{"start":{"line":111,"column":10},"end":{"line":111,"column":39}},"57":{"start":{"line":112,"column":17},"end":{"line":112,"column":null}},"58":{"start":{"line":113,"column":4},"end":{"line":124,"column":null}},"59":{"start":{"line":114,"column":6},"end":{"line":117,"column":null}},"60":{"start":{"line":115,"column":8},"end":{"line":115,"column":null}},"61":{"start":{"line":117,"column":8},"end":{"line":117,"column":null}},"62":{"start":{"line":120,"column":6},"end":{"line":124,"column":null}},"63":{"start":{"line":121,"column":8},"end":{"line":121,"column":null}},"64":{"start":{"line":122,"column":8},"end":{"line":122,"column":null}},"65":{"start":{"line":124,"column":8},"end":{"line":124,"column":null}},"66":{"start":{"line":127,"column":4},"end":{"line":127,"column":null}},"67":{"start":{"line":128,"column":4},"end":{"line":128,"column":null}},"68":{"start":{"line":131,"column":8},"end":{"line":131,"column":67}},"69":{"start":{"line":131,"column":22},"end":{"line":131,"column":57}},"70":{"start":{"line":133,"column":2},"end":{"line":150,"column":null}}},"fnMap":{"0":{"name":"useQuiz","decl":{"start":{"line":10,"column":16},"end":{"line":10,"column":24}},"loc":{"start":{"line":10,"column":35},"end":{"line":150,"column":null}},"line":10},"1":{"name":"(anonymous_1)","decl":{"start":{"line":22,"column":20},"end":{"line":22,"column":38}},"loc":{"start":{"line":22,"column":38},"end":{"line":30,"column":7}},"line":22},"2":{"name":"(anonymous_2)","decl":{"start":{"line":36,"column":23},"end":{"line":36,"column":36}},"loc":{"start":{"line":36,"column":52},"end":{"line":58,"column":6}},"line":36},"3":{"name":"(anonymous_3)","decl":{"start":{"line":44,"column":20},"end":{"line":44,"column":29}},"loc":{"start":{"line":44,"column":37},"end":{"line":44,"column":46}},"line":44},"4":{"name":"(anonymous_4)","decl":{"start":{"line":46,"column":4},"end":{"line":46,"column":15}},"loc":{"start":{"line":46,"column":23},"end":{"line":51,"column":6}},"line":46},"5":{"name":"(anonymous_5)","decl":{"start":{"line":63,"column":23},"end":{"line":63,"column":41}},"loc":{"start":{"line":63,"column":41},"end":{"line":79,"column":6}},"line":63},"6":{"name":"(anonymous_6)","decl":{"start":{"line":66,"column":6},"end":{"line":66,"column":22}},"loc":{"start":{"line":66,"column":30},"end":{"line":66,"column":39}},"line":66},"7":{"name":"(anonymous_7)","decl":{"start":{"line":84,"column":21},"end":{"line":84,"column":39}},"loc":{"start":{"line":84,"column":39},"end":{"line":92,"column":7}},"line":84},"8":{"name":"(anonymous_8)","decl":{"start":{"line":99,"column":25},"end":{"line":99,"column":38}},"loc":{"start":{"line":99,"column":54},"end":{"line":105,"column":6}},"line":99},"9":{"name":"(anonymous_9)","decl":{"start":{"line":110,"column":33},"end":{"line":110,"column":45}},"loc":{"start":{"line":110,"column":45},"end":{"line":129,"column":6}},"line":110},"10":{"name":"(anonymous_10)","decl":{"start":{"line":131,"column":22},"end":{"line":131,"column":36}},"loc":{"start":{"line":131,"column":22},"end":{"line":131,"column":57}},"line":131}},"branchMap":{"0":{"loc":{"start":{"line":37,"column":4},"end":{"line":37,"column":null}},"type":"if","locations":[{"start":{"line":37,"column":4},"end":{"line":37,"column":null}},{"start":{},"end":{}}],"line":37},"1":{"loc":{"start":{"line":44,"column":4},"end":{"line":44,"column":null}},"type":"if","locations":[{"start":{"line":44,"column":4},"end":{"line":44,"column":null}},{"start":{},"end":{}}],"line":44},"2":{"loc":{"start":{"line":56,"column":32},"end":{"line":56,"column":null}},"type":"cond-expr","locations":[{"start":{"line":56,"column":45},"end":{"line":56,"column":57}},{"start":{"line":56,"column":57},"end":{"line":56,"column":null}}],"line":56},"3":{"loc":{"start":{"line":64,"column":4},"end":{"line":64,"column":null}},"type":"if","locations":[{"start":{"line":64,"column":4},"end":{"line":64,"column":null}},{"start":{},"end":{}}],"line":64},"4":{"loc":{"start":{"line":65,"column":4},"end":{"line":77,"column":null}},"type":"if","locations":[{"start":{"line":65,"column":4},"end":{"line":77,"column":null}},{"start":{"line":69,"column":11},"end":{"line":77,"column":null}}],"line":65},"5":{"loc":{"start":{"line":100,"column":4},"end":{"line":100,"column":null}},"type":"if","locations":[{"start":{"line":100,"column":4},"end":{"line":100,"column":null}},{"start":{},"end":{}}],"line":100},"6":{"loc":{"start":{"line":102,"column":4},"end":{"line":102,"column":null}},"type":"if","locations":[{"start":{"line":102,"column":4},"end":{"line":102,"column":null}},{"start":{},"end":{}}],"line":102},"7":{"loc":{"start":{"line":103,"column":4},"end":{"line":103,"column":null}},"type":"if","locations":[{"start":{"line":103,"column":4},"end":{"line":103,"column":null}},{"start":{},"end":{}}],"line":103},"8":{"loc":{"start":{"line":113,"column":4},"end":{"line":124,"column":null}},"type":"if","locations":[{"start":{"line":113,"column":4},"end":{"line":124,"column":null}},{"start":{"line":119,"column":11},"end":{"line":124,"column":null}}],"line":113},"9":{"loc":{"start":{"line":141,"column":21},"end":{"line":141,"column":null}},"type":"cond-expr","locations":[{"start":{"line":141,"column":33},"end":{"line":141,"column":59}},{"start":{"line":141,"column":59},"end":{"line":141,"column":null}}],"line":141},"10":{"loc":{"start":{"line":142,"column":20},"end":{"line":142,"column":null}},"type":"cond-expr","locations":[{"start":{"line":142,"column":32},"end":{"line":142,"column":51}},{"start":{"line":142,"column":51},"end":{"line":142,"column":null}}],"line":142},"11":{"loc":{"start":{"line":143,"column":21},"end":{"line":143,"column":null}},"type":"cond-expr","locations":[{"start":{"line":143,"column":35},"end":{"line":143,"column":77}},{"start":{"line":143,"column":77},"end":{"line":143,"column":null}}],"line":143}},"s":{"0":39,"1":39,"2":39,"3":39,"4":39,"5":39,"6":39,"7":11,"8":11,"9":11,"10":11,"11":11,"12":11,"13":11,"14":39,"15":10,"16":1,"17":9,"18":9,"19":9,"20":9,"21":9,"22":7,"23":7,"24":9,"25":9,"26":9,"27":39,"28":3,"29":0,"30":3,"31":2,"32":2,"33":2,"34":2,"35":1,"36":1,"37":1,"38":39,"39":1,"40":1,"41":1,"42":1,"43":1,"44":1,"45":1,"46":39,"47":3,"48":1,"49":2,"50":2,"51":1,"52":1,"53":1,"54":0,"55":39,"56":0,"57":0,"58":0,"59":0,"60":0,"61":0,"62":0,"63":0,"64":0,"65":0,"66":0,"67":0,"68":39,"69":23,"70":39},"f":{"0":39,"1":11,"2":10,"3":7,"4":9,"5":3,"6":2,"7":1,"8":3,"9":0,"10":23},"b":{"0":[1,9],"1":[7,2],"2":[7,2],"3":[0,3],"4":[2,1],"5":[1,2],"6":[1,1],"7":[1,0],"8":[0,0],"9":[39,0],"10":[39,0],"11":[39,0]},"meta":{"lastBranch":12,"lastFunction":11,"lastStatement":71,"seen":{"f:10:16:10:24":0,"s:11:20:11:53":0,"s:12:23:12:53":1,"s:13:25:13:60":2,"s:14:21:14:53":3,"s:15:16:15:39":4,"s:16:18:16:44":5,"s:22:8:30:8":6,"f:22:20:22:38":1,"s:23:4:23:Infinity":7,"s:24:4:24:Infinity":8,"s:25:4:25:Infinity":9,"s:26:4:26:Infinity":10,"s:27:4:27:Infinity":11,"s:28:4:28:Infinity":12,"s:29:4:29:Infinity":13,"s:36:8:58:43":14,"f:36:23:36:36":2,"b:37:4:37:Infinity:undefined:undefined:undefined:undefined":0,"s:37:4:37:Infinity":15,"s:37:20:37:Infinity":16,"s:38:20:38:Infinity":17,"s:39:23:39:Infinity":18,"s:41:4:41:Infinity":19,"s:42:4:42:Infinity":20,"b:44:4:44:Infinity:undefined:undefined:undefined:undefined":1,"s:44:4:44:Infinity":21,"s:44:20:44:Infinity":22,"f:44:20:44:29":3,"s:44:37:44:46":23,"s:46:4:51:Infinity":24,"f:46:4:46:15":4,"s:46:23:51:6":25,"s:53:4:57:Infinity":26,"b:56:45:56:57:56:57:56:Infinity":2,"s:63:8:79:57":27,"f:63:23:63:41":5,"b:64:4:64:Infinity:undefined:undefined:undefined:undefined":3,"s:64:4:64:Infinity":28,"s:64:21:64:Infinity":29,"b:65:4:77:Infinity:69:11:77:Infinity":4,"s:65:4:77:Infinity":30,"s:66:6:66:Infinity":31,"f:66:6:66:22":6,"s:66:30:66:39":32,"s:67:6:67:Infinity":33,"s:68:6:68:Infinity":34,"s:70:6:70:Infinity":35,"s:71:6:75:Infinity":36,"s:77:6:77:Infinity":37,"s:84:8:92:8":38,"f:84:21:84:39":7,"s:85:4:85:Infinity":39,"s:86:4:86:Infinity":40,"s:87:4:87:Infinity":41,"s:88:4:88:Infinity":42,"s:89:4:89:Infinity":43,"s:90:4:90:Infinity":44,"s:91:4:91:Infinity":45,"s:99:8:105:59":46,"f:99:25:99:38":8,"b:100:4:100:Infinity:undefined:undefined:undefined:undefined":5,"s:100:4:100:Infinity":47,"s:100:21:100:Infinity":48,"s:101:20:101:Infinity":49,"b:102:4:102:Infinity:undefined:undefined:undefined:undefined":6,"s:102:4:102:Infinity":50,"s:102:33:102:Infinity":51,"b:103:4:103:Infinity:undefined:undefined:undefined:undefined":7,"s:103:4:103:Infinity":52,"s:103:40:103:Infinity":53,"s:104:4:104:Infinity":54,"s:110:8:129:13":55,"f:110:33:110:45":9,"s:111:10:111:39":56,"s:112:17:112:Infinity":57,"b:113:4:124:Infinity:119:11:124:Infinity":8,"s:113:4:124:Infinity":58,"s:114:6:117:Infinity":59,"s:115:8:115:Infinity":60,"s:117:8:117:Infinity":61,"s:120:6:124:Infinity":62,"s:121:8:121:Infinity":63,"s:122:8:122:Infinity":64,"s:124:8:124:Infinity":65,"s:127:4:127:Infinity":66,"s:128:4:128:Infinity":67,"s:131:8:131:67":68,"f:131:22:131:36":10,"s:131:22:131:57":69,"s:133:2:150:Infinity":70,"b:141:33:141:59:141:59:141:Infinity":9,"b:142:32:142:51:142:51:142:Infinity":10,"b:143:35:143:77:143:77:143:Infinity":11}}}
,"C:\\Promptwars\\electiq\\src\\pages\\Chat.jsx": {"path":"C:\\Promptwars\\electiq\\src\\pages\\Chat.jsx","statementMap":{"0":{"start":{"line":8,"column":14},"end":{"line":17,"column":null}},"1":{"start":{"line":20,"column":10},"end":{"line":20,"column":46}},"2":{"start":{"line":28,"column":4},"end":{"line":29,"column":31}},"3":{"start":{"line":31,"column":8},"end":{"line":31,"column":37}},"4":{"start":{"line":34,"column":2},"end":{"line":39,"column":null}},"5":{"start":{"line":35,"column":4},"end":{"line":38,"column":null}},"6":{"start":{"line":41,"column":8},"end":{"line":44,"column":null}},"7":{"start":{"line":42,"column":4},"end":{"line":42,"column":null}},"8":{"start":{"line":43,"column":4},"end":{"line":43,"column":null}},"9":{"start":{"line":44,"column":4},"end":{"line":44,"column":null}},"10":{"start":{"line":47,"column":2},"end":{"line":174,"column":null}},"11":{"start":{"line":88,"column":10},"end":{"line":88,"column":null}},"12":{"start":{"line":105,"column":20},"end":{"line":109,"column":null}},"13":{"start":{"line":135,"column":12},"end":{"line":149,"column":null}},"14":{"start":{"line":139,"column":29},"end":{"line":139,"column":46}},"15":{"start":{"line":141,"column":16},"end":{"line":143,"column":null}},"16":{"start":{"line":142,"column":18},"end":{"line":142,"column":null}},"17":{"start":{"line":143,"column":18},"end":{"line":143,"column":null}},"18":{"start":{"line":167,"column":25},"end":{"line":167,"column":38}}},"fnMap":{"0":{"name":"Chat","decl":{"start":{"line":19,"column":24},"end":{"line":19,"column":31}},"loc":{"start":{"line":19,"column":31},"end":{"line":174,"column":null}},"line":19},"1":{"name":"(anonymous_1)","decl":{"start":{"line":34,"column":2},"end":{"line":34,"column":18}},"loc":{"start":{"line":34,"column":18},"end":{"line":39,"column":6}},"line":34},"2":{"name":"(anonymous_2)","decl":{"start":{"line":41,"column":8},"end":{"line":41,"column":23}},"loc":{"start":{"line":41,"column":29},"end":{"line":44,"column":null}},"line":41},"3":{"name":"(anonymous_3)","decl":{"start":{"line":87,"column":18},"end":{"line":87,"column":23}},"loc":{"start":{"line":88,"column":10},"end":{"line":88,"column":null}},"line":88},"4":{"name":"(anonymous_4)","decl":{"start":{"line":104,"column":29},"end":{"line":104,"column":34}},"loc":{"start":{"line":105,"column":20},"end":{"line":109,"column":null}},"line":105},"5":{"name":"(anonymous_5)","decl":{"start":{"line":134,"column":17},"end":{"line":134,"column":22}},"loc":{"start":{"line":135,"column":12},"end":{"line":149,"column":null}},"line":135},"6":{"name":"(anonymous_6)","decl":{"start":{"line":139,"column":14},"end":{"line":139,"column":29}},"loc":{"start":{"line":139,"column":29},"end":{"line":139,"column":46}},"line":139},"7":{"name":"(anonymous_7)","decl":{"start":{"line":140,"column":14},"end":{"line":140,"column":26}},"loc":{"start":{"line":140,"column":32},"end":{"line":143,"column":null}},"line":140},"8":{"name":"(anonymous_8)","decl":{"start":{"line":167,"column":10},"end":{"line":167,"column":25}},"loc":{"start":{"line":167,"column":25},"end":{"line":167,"column":38}},"line":167}},"branchMap":{"0":{"loc":{"start":{"line":91,"column":9},"end":{"line":113,"column":null}},"type":"binary-expr","locations":[{"start":{"line":91,"column":9},"end":{"line":91,"column":null}},{"start":{"line":92,"column":10},"end":{"line":113,"column":null}}],"line":91},"1":{"loc":{"start":{"line":117,"column":9},"end":{"line":126,"column":null}},"type":"binary-expr","locations":[{"start":{"line":117,"column":9},"end":{"line":117,"column":null}},{"start":{"line":118,"column":10},"end":{"line":126,"column":null}}],"line":117},"2":{"loc":{"start":{"line":132,"column":7},"end":{"line":151,"column":null}},"type":"binary-expr","locations":[{"start":{"line":132,"column":7},"end":{"line":132,"column":null}},{"start":{"line":133,"column":8},"end":{"line":151,"column":null}}],"line":132},"3":{"loc":{"start":{"line":141,"column":16},"end":{"line":143,"column":null}},"type":"if","locations":[{"start":{"line":141,"column":16},"end":{"line":143,"column":null}},{"start":{},"end":{}}],"line":141},"4":{"loc":{"start":{"line":141,"column":20},"end":{"line":141,"column":56}},"type":"binary-expr","locations":[{"start":{"line":141,"column":20},"end":{"line":141,"column":41}},{"start":{"line":141,"column":41},"end":{"line":141,"column":56}}],"line":141},"5":{"loc":{"start":{"line":171,"column":162},"end":{"line":171,"column":null}},"type":"cond-expr","locations":[{"start":{"line":171,"column":178},"end":{"line":171,"column":232}},{"start":{"line":171,"column":232},"end":{"line":171,"column":null}}],"line":171}},"s":{"0":0,"1":0,"2":0,"3":0,"4":0,"5":0,"6":0,"7":0,"8":0,"9":0,"10":0,"11":0,"12":0,"13":0,"14":0,"15":0,"16":0,"17":0,"18":0},"f":{"0":0,"1":0,"2":0,"3":0,"4":0,"5":0,"6":0,"7":0,"8":0},"b":{"0":[0,0],"1":[0,0],"2":[0,0],"3":[0,0],"4":[0,0],"5":[0,0]},"meta":{"lastBranch":6,"lastFunction":9,"lastStatement":19,"seen":{"s:8:14:17:Infinity":0,"f:19:24:19:31":0,"s:20:10:20:46":1,"s:28:4:29:31":2,"s:31:8:31:37":3,"s:34:2:39:Infinity":4,"f:34:2:34:18":1,"s:35:4:38:Infinity":5,"s:41:8:44:Infinity":6,"f:41:8:41:23":2,"s:42:4:42:Infinity":7,"s:43:4:43:Infinity":8,"s:44:4:44:Infinity":9,"s:47:2:174:Infinity":10,"f:87:18:87:23":3,"s:88:10:88:Infinity":11,"b:91:9:91:Infinity:92:10:113:Infinity":0,"f:104:29:104:34":4,"s:105:20:109:Infinity":12,"b:117:9:117:Infinity:118:10:126:Infinity":1,"b:132:7:132:Infinity:133:8:151:Infinity":2,"f:134:17:134:22":5,"s:135:12:149:Infinity":13,"f:139:14:139:29":6,"s:139:29:139:46":14,"f:140:14:140:26":7,"b:141:16:143:Infinity:undefined:undefined:undefined:undefined":3,"s:141:16:143:Infinity":15,"b:141:20:141:41:141:41:141:56":4,"s:142:18:142:Infinity":16,"s:143:18:143:Infinity":17,"f:167:10:167:25":8,"s:167:25:167:38":18,"b:171:178:171:232:171:232:171:Infinity":5}}}
,"C:\\Promptwars\\electiq\\src\\pages\\Home.jsx": {"path":"C:\\Promptwars\\electiq\\src\\pages\\Home.jsx","statementMap":{"0":{"start":{"line":11,"column":8},"end":{"line":11,"column":32}},"1":{"start":{"line":12,"column":24},"end":{"line":12,"column":52}},"2":{"start":{"line":13,"column":60},"end":{"line":13,"column":92}},"3":{"start":{"line":15,"column":24},"end":{"line":18,"column":4}},"4":{"start":{"line":20,"column":8},"end":{"line":23,"column":16}},"5":{"start":{"line":21,"column":4},"end":{"line":21,"column":null}},"6":{"start":{"line":22,"column":4},"end":{"line":22,"column":null}},"7":{"start":{"line":25,"column":2},"end":{"line":152,"column":null}},"8":{"start":{"line":55,"column":24},"end":{"line":60,"column":null}},"9":{"start":{"line":62,"column":10},"end":{"line":67,"column":null}},"10":{"start":{"line":82,"column":12},"end":{"line":88,"column":null}},"11":{"start":{"line":86,"column":29},"end":{"line":86,"column":40}},"12":{"start":{"line":100,"column":27},"end":{"line":100,"column":null}},"13":{"start":{"line":101,"column":27},"end":{"line":101,"column":null}},"14":{"start":{"line":102,"column":27},"end":{"line":102,"column":null}},"15":{"start":{"line":103,"column":37},"end":{"line":103,"column":null}},"16":{"start":{"line":105,"column":12},"end":{"line":133,"column":null}},"17":{"start":{"line":110,"column":18},"end":{"line":110,"column":null}},"18":{"start":{"line":111,"column":18},"end":{"line":111,"column":null}},"19":{"start":{"line":146,"column":10},"end":{"line":150,"column":null}}},"fnMap":{"0":{"name":"Home","decl":{"start":{"line":10,"column":24},"end":{"line":10,"column":31}},"loc":{"start":{"line":10,"column":31},"end":{"line":152,"column":null}},"line":10},"1":{"name":"(anonymous_1)","decl":{"start":{"line":20,"column":29},"end":{"line":20,"column":42}},"loc":{"start":{"line":20,"column":54},"end":{"line":23,"column":6}},"line":20},"2":{"name":"(anonymous_2)","decl":{"start":{"line":54,"column":15},"end":{"line":54,"column":20}},"loc":{"start":{"line":54,"column":32},"end":{"line":67,"column":null}},"line":54},"3":{"name":"(anonymous_3)","decl":{"start":{"line":81,"column":17},"end":{"line":81,"column":22}},"loc":{"start":{"line":82,"column":12},"end":{"line":88,"column":null}},"line":82},"4":{"name":"(anonymous_4)","decl":{"start":{"line":86,"column":14},"end":{"line":86,"column":29}},"loc":{"start":{"line":86,"column":29},"end":{"line":86,"column":40}},"line":86},"5":{"name":"(anonymous_5)","decl":{"start":{"line":99,"column":20},"end":{"line":99,"column":25}},"loc":{"start":{"line":99,"column":31},"end":{"line":133,"column":null}},"line":99},"6":{"name":"(anonymous_6)","decl":{"start":{"line":109,"column":16},"end":{"line":109,"column":26}},"loc":{"start":{"line":109,"column":32},"end":{"line":111,"column":null}},"line":109},"7":{"name":"(anonymous_7)","decl":{"start":{"line":145,"column":10},"end":{"line":145,"column":15}},"loc":{"start":{"line":146,"column":10},"end":{"line":150,"column":null}},"line":146}},"branchMap":{"0":{"loc":{"start":{"line":55,"column":24},"end":{"line":60,"column":null}},"type":"binary-expr","locations":[{"start":{"line":55,"column":24},"end":{"line":60,"column":27}},{"start":{"line":60,"column":27},"end":{"line":60,"column":null}}],"line":55},"1":{"loc":{"start":{"line":75,"column":31},"end":{"line":75,"column":50}},"type":"cond-expr","locations":[{"start":{"line":75,"column":43},"end":{"line":75,"column":47}},{"start":{"line":75,"column":47},"end":{"line":75,"column":50}}],"line":75},"2":{"loc":{"start":{"line":87,"column":69},"end":{"line":87,"column":null}},"type":"cond-expr","locations":[{"start":{"line":87,"column":90},"end":{"line":87,"column":115}},{"start":{"line":87,"column":115},"end":{"line":87,"column":null}}],"line":87},"3":{"loc":{"start":{"line":101,"column":27},"end":{"line":101,"column":null}},"type":"cond-expr","locations":[{"start":{"line":101,"column":36},"end":{"line":101,"column":44}},{"start":{"line":101,"column":44},"end":{"line":101,"column":null}}],"line":101},"4":{"loc":{"start":{"line":102,"column":27},"end":{"line":102,"column":null}},"type":"cond-expr","locations":[{"start":{"line":102,"column":36},"end":{"line":102,"column":48}},{"start":{"line":102,"column":48},"end":{"line":102,"column":null}}],"line":102},"5":{"loc":{"start":{"line":103,"column":37},"end":{"line":103,"column":null}},"type":"cond-expr","locations":[{"start":{"line":103,"column":46},"end":{"line":103,"column":85}},{"start":{"line":103,"column":85},"end":{"line":103,"column":null}}],"line":103},"6":{"loc":{"start":{"line":117,"column":91},"end":{"line":117,"column":null}},"type":"cond-expr","locations":[{"start":{"line":117,"column":100},"end":{"line":117,"column":130}},{"start":{"line":117,"column":130},"end":{"line":117,"column":null}}],"line":117},"7":{"loc":{"start":{"line":130,"column":55},"end":{"line":130,"column":95}},"type":"cond-expr","locations":[{"start":{"line":130,"column":64},"end":{"line":130,"column":81}},{"start":{"line":130,"column":81},"end":{"line":130,"column":95}}],"line":130}},"s":{"0":0,"1":0,"2":0,"3":0,"4":0,"5":0,"6":0,"7":0,"8":0,"9":0,"10":0,"11":0,"12":0,"13":0,"14":0,"15":0,"16":0,"17":0,"18":0,"19":0},"f":{"0":0,"1":0,"2":0,"3":0,"4":0,"5":0,"6":0,"7":0},"b":{"0":[0,0],"1":[0,0],"2":[0,0],"3":[0,0],"4":[0,0],"5":[0,0],"6":[0,0],"7":[0,0]},"meta":{"lastBranch":8,"lastFunction":8,"lastStatement":20,"seen":{"f:10:24:10:31":0,"s:11:8:11:32":0,"s:12:24:12:52":1,"s:13:60:13:92":2,"s:15:24:18:4":3,"s:20:8:23:16":4,"f:20:29:20:42":1,"s:21:4:21:Infinity":5,"s:22:4:22:Infinity":6,"s:25:2:152:Infinity":7,"f:54:15:54:20":2,"s:55:24:60:Infinity":8,"b:55:24:60:27:60:27:60:Infinity":0,"s:62:10:67:Infinity":9,"b:75:43:75:47:75:47:75:50":1,"f:81:17:81:22":3,"s:82:12:88:Infinity":10,"f:86:14:86:29":4,"s:86:29:86:40":11,"b:87:90:87:115:87:115:87:Infinity":2,"f:99:20:99:25":5,"s:100:27:100:Infinity":12,"s:101:27:101:Infinity":13,"b:101:36:101:44:101:44:101:Infinity":3,"s:102:27:102:Infinity":14,"b:102:36:102:48:102:48:102:Infinity":4,"s:103:37:103:Infinity":15,"b:103:46:103:85:103:85:103:Infinity":5,"s:105:12:133:Infinity":16,"f:109:16:109:26":6,"s:110:18:110:Infinity":17,"s:111:18:111:Infinity":18,"b:117:100:117:130:117:130:117:Infinity":6,"b:130:64:130:81:130:81:130:95":7,"f:145:10:145:15":7,"s:146:10:150:Infinity":19}}}
,"C:\\Promptwars\\electiq\\src\\pages\\Quiz.jsx": {"path":"C:\\Promptwars\\electiq\\src\\pages\\Quiz.jsx","statementMap":{"0":{"start":{"line":9,"column":10},"end":{"line":9,"column":43}},"1":{"start":{"line":26,"column":4},"end":{"line":27,"column":28}},"2":{"start":{"line":29,"column":23},"end":{"line":29,"column":53}},"3":{"start":{"line":30,"column":27},"end":{"line":30,"column":61}},"4":{"start":{"line":31,"column":19},"end":{"line":31,"column":49}},"5":{"start":{"line":32,"column":23},"end":{"line":32,"column":57}},"6":{"start":{"line":34,"column":8},"end":{"line":34,"column":34}},"7":{"start":{"line":35,"column":8},"end":{"line":35,"column":33}},"8":{"start":{"line":38,"column":2},"end":{"line":63,"column":null}},"9":{"start":{"line":39,"column":4},"end":{"line":61,"column":null}},"10":{"start":{"line":40,"column":19},"end":{"line":40,"column":42}},"11":{"start":{"line":41,"column":20},"end":{"line":49,"column":12}},"12":{"start":{"line":42,"column":8},"end":{"line":48,"column":null}},"13":{"start":{"line":43,"column":10},"end":{"line":45,"column":null}},"14":{"start":{"line":44,"column":12},"end":{"line":44,"column":null}},"15":{"start":{"line":45,"column":12},"end":{"line":45,"column":null}},"16":{"start":{"line":47,"column":10},"end":{"line":47,"column":null}},"17":{"start":{"line":52,"column":6},"end":{"line":52,"column":null}},"18":{"start":{"line":52,"column":23},"end":{"line":52,"column":74}},"19":{"start":{"line":55,"column":6},"end":{"line":55,"column":null}},"20":{"start":{"line":57,"column":6},"end":{"line":57,"column":null}},"21":{"start":{"line":57,"column":19},"end":{"line":57,"column":39}},"22":{"start":{"line":59,"column":6},"end":{"line":59,"column":null}},"23":{"start":{"line":60,"column":6},"end":{"line":60,"column":null}},"24":{"start":{"line":61,"column":6},"end":{"line":61,"column":null}},"25":{"start":{"line":66,"column":2},"end":{"line":70,"column":null}},"26":{"start":{"line":67,"column":4},"end":{"line":68,"column":null}},"27":{"start":{"line":68,"column":6},"end":{"line":68,"column":null}},"28":{"start":{"line":72,"column":22},"end":{"line":76,"column":null}},"29":{"start":{"line":73,"column":19},"end":{"line":73,"column":37}},"30":{"start":{"line":74,"column":4},"end":{"line":76,"column":null}},"31":{"start":{"line":75,"column":6},"end":{"line":75,"column":null}},"32":{"start":{"line":76,"column":6},"end":{"line":76,"column":null}},"33":{"start":{"line":76,"column":23},"end":{"line":76,"column":41}},"34":{"start":{"line":80,"column":2},"end":{"line":246,"column":null}},"35":{"start":{"line":96,"column":14},"end":{"line":99,"column":null}},"36":{"start":{"line":213,"column":29},"end":{"line":213,"column":59}},"37":{"start":{"line":224,"column":28},"end":{"line":224,"column":76}},"38":{"start":{"line":224,"column":52},"end":{"line":224,"column":76}},"39":{"start":{"line":225,"column":18},"end":{"line":225,"column":null}},"40":{"start":{"line":225,"column":26},"end":{"line":225,"column":null}},"41":{"start":{"line":227,"column":18},"end":{"line":243,"column":null}}},"fnMap":{"0":{"name":"Quiz","decl":{"start":{"line":8,"column":24},"end":{"line":8,"column":31}},"loc":{"start":{"line":8,"column":31},"end":{"line":246,"column":null}},"line":8},"1":{"name":"(anonymous_1)","decl":{"start":{"line":38,"column":2},"end":{"line":38,"column":18}},"loc":{"start":{"line":38,"column":18},"end":{"line":63,"column":6}},"line":38},"2":{"name":"(anonymous_2)","decl":{"start":{"line":41,"column":20},"end":{"line":41,"column":38}},"loc":{"start":{"line":41,"column":38},"end":{"line":49,"column":12}},"line":41},"3":{"name":"(anonymous_3)","decl":{"start":{"line":42,"column":8},"end":{"line":42,"column":24}},"loc":{"start":{"line":42,"column":32},"end":{"line":48,"column":null}},"line":42},"4":{"name":"(anonymous_4)","decl":{"start":{"line":52,"column":6},"end":{"line":52,"column":23}},"loc":{"start":{"line":52,"column":23},"end":{"line":52,"column":74}},"line":52},"5":{"name":"(anonymous_5)","decl":{"start":{"line":57,"column":6},"end":{"line":57,"column":19}},"loc":{"start":{"line":57,"column":19},"end":{"line":57,"column":39}},"line":57},"6":{"name":"(anonymous_6)","decl":{"start":{"line":66,"column":2},"end":{"line":66,"column":18}},"loc":{"start":{"line":66,"column":18},"end":{"line":70,"column":6}},"line":66},"7":{"name":"(anonymous_7)","decl":{"start":{"line":72,"column":22},"end":{"line":72,"column":34}},"loc":{"start":{"line":72,"column":34},"end":{"line":76,"column":null}},"line":72},"8":{"name":"(anonymous_8)","decl":{"start":{"line":76,"column":6},"end":{"line":76,"column":23}},"loc":{"start":{"line":76,"column":23},"end":{"line":76,"column":41}},"line":76},"9":{"name":"(anonymous_9)","decl":{"start":{"line":95,"column":76},"end":{"line":95,"column":81}},"loc":{"start":{"line":96,"column":14},"end":{"line":99,"column":null}},"line":96},"10":{"name":"(anonymous_10)","decl":{"start":{"line":213,"column":14},"end":{"line":213,"column":29}},"loc":{"start":{"line":213,"column":29},"end":{"line":213,"column":59}},"line":213},"11":{"name":"(anonymous_11)","decl":{"start":{"line":223,"column":25},"end":{"line":223,"column":30}},"loc":{"start":{"line":223,"column":41},"end":{"line":243,"column":null}},"line":223},"12":{"name":"(anonymous_12)","decl":{"start":{"line":224,"column":42},"end":{"line":224,"column":47}},"loc":{"start":{"line":224,"column":52},"end":{"line":224,"column":76}},"line":224}},"branchMap":{"0":{"loc":{"start":{"line":39,"column":4},"end":{"line":61,"column":null}},"type":"if","locations":[{"start":{"line":39,"column":4},"end":{"line":61,"column":null}},{"start":{"line":58,"column":11},"end":{"line":61,"column":null}}],"line":39},"1":{"loc":{"start":{"line":43,"column":10},"end":{"line":45,"column":null}},"type":"if","locations":[{"start":{"line":43,"column":10},"end":{"line":45,"column":null}},{"start":{},"end":{}}],"line":43},"2":{"loc":{"start":{"line":67,"column":4},"end":{"line":68,"column":null}},"type":"if","locations":[{"start":{"line":67,"column":4},"end":{"line":68,"column":null}},{"start":{},"end":{}}],"line":67},"3":{"loc":{"start":{"line":74,"column":4},"end":{"line":76,"column":null}},"type":"if","locations":[{"start":{"line":74,"column":4},"end":{"line":76,"column":null}},{"start":{},"end":{}}],"line":74},"4":{"loc":{"start":{"line":84,"column":7},"end":{"line":110,"column":null}},"type":"binary-expr","locations":[{"start":{"line":84,"column":7},"end":{"line":84,"column":null}},{"start":{"line":85,"column":8},"end":{"line":110,"column":null}}],"line":84},"5":{"loc":{"start":{"line":115,"column":7},"end":{"line":161,"column":null}},"type":"binary-expr","locations":[{"start":{"line":115,"column":7},"end":{"line":115,"column":35}},{"start":{"line":115,"column":35},"end":{"line":115,"column":null}},{"start":{"line":116,"column":8},"end":{"line":161,"column":null}}],"line":115},"6":{"loc":{"start":{"line":152,"column":13},"end":{"line":159,"column":null}},"type":"binary-expr","locations":[{"start":{"line":152,"column":13},"end":{"line":152,"column":null}},{"start":{"line":153,"column":14},"end":{"line":159,"column":null}}],"line":152},"7":{"loc":{"start":{"line":158,"column":17},"end":{"line":158,"column":null}},"type":"cond-expr","locations":[{"start":{"line":158,"column":53},"end":{"line":158,"column":73}},{"start":{"line":158,"column":73},"end":{"line":158,"column":null}}],"line":158},"8":{"loc":{"start":{"line":166,"column":7},"end":{"line":246,"column":null}},"type":"binary-expr","locations":[{"start":{"line":166,"column":7},"end":{"line":166,"column":null}},{"start":{"line":167,"column":8},"end":{"line":246,"column":null}}],"line":166},"9":{"loc":{"start":{"line":193,"column":17},"end":{"line":198,"column":17}},"type":"binary-expr","locations":[{"start":{"line":193,"column":17},"end":{"line":193,"column":null}},{"start":{"line":194,"column":18},"end":{"line":198,"column":17}}],"line":193},"10":{"loc":{"start":{"line":218,"column":15},"end":{"line":218,"column":null}},"type":"cond-expr","locations":[{"start":{"line":218,"column":30},"end":{"line":218,"column":80}},{"start":{"line":218,"column":79},"end":{"line":218,"column":null}}],"line":218},"11":{"loc":{"start":{"line":221,"column":13},"end":{"line":246,"column":null}},"type":"binary-expr","locations":[{"start":{"line":221,"column":13},"end":{"line":221,"column":null}},{"start":{"line":222,"column":14},"end":{"line":246,"column":null}}],"line":221},"12":{"loc":{"start":{"line":225,"column":18},"end":{"line":225,"column":null}},"type":"if","locations":[{"start":{"line":225,"column":18},"end":{"line":225,"column":null}},{"start":{},"end":{}}],"line":225},"13":{"loc":{"start":{"line":230,"column":25},"end":{"line":232,"column":null}},"type":"cond-expr","locations":[{"start":{"line":231,"column":26},"end":{"line":232,"column":27}},{"start":{"line":232,"column":26},"end":{"line":232,"column":null}}],"line":230},"14":{"loc":{"start":{"line":237,"column":27},"end":{"line":237,"column":null}},"type":"cond-expr","locations":[{"start":{"line":237,"column":52},"end":{"line":237,"column":90}},{"start":{"line":237,"column":90},"end":{"line":237,"column":null}}],"line":237}},"s":{"0":0,"1":0,"2":0,"3":0,"4":0,"5":0,"6":0,"7":0,"8":0,"9":0,"10":0,"11":0,"12":0,"13":0,"14":0,"15":0,"16":0,"17":0,"18":0,"19":0,"20":0,"21":0,"22":0,"23":0,"24":0,"25":0,"26":0,"27":0,"28":0,"29":0,"30":0,"31":0,"32":0,"33":0,"34":0,"35":0,"36":0,"37":0,"38":0,"39":0,"40":0,"41":0},"f":{"0":0,"1":0,"2":0,"3":0,"4":0,"5":0,"6":0,"7":0,"8":0,"9":0,"10":0,"11":0,"12":0},"b":{"0":[0,0],"1":[0,0],"2":[0,0],"3":[0,0],"4":[0,0],"5":[0,0,0],"6":[0,0],"7":[0,0],"8":[0,0],"9":[0,0],"10":[0,0],"11":[0,0],"12":[0,0],"13":[0,0],"14":[0,0]},"meta":{"lastBranch":15,"lastFunction":13,"lastStatement":42,"seen":{"f:8:24:8:31":0,"s:9:10:9:43":0,"s:26:4:27:28":1,"s:29:23:29:53":2,"s:30:27:30:61":3,"s:31:19:31:49":4,"s:32:23:32:57":5,"s:34:8:34:34":6,"s:35:8:35:33":7,"s:38:2:63:Infinity":8,"f:38:2:38:18":1,"b:39:4:61:Infinity:58:11:61:Infinity":0,"s:39:4:61:Infinity":9,"s:40:19:40:42":10,"s:41:20:49:12":11,"f:41:20:41:38":2,"s:42:8:48:Infinity":12,"f:42:8:42:24":3,"b:43:10:45:Infinity:undefined:undefined:undefined:undefined":1,"s:43:10:45:Infinity":13,"s:44:12:44:Infinity":14,"s:45:12:45:Infinity":15,"s:47:10:47:Infinity":16,"s:52:6:52:Infinity":17,"f:52:6:52:23":4,"s:52:23:52:74":18,"s:55:6:55:Infinity":19,"s:57:6:57:Infinity":20,"f:57:6:57:19":5,"s:57:19:57:39":21,"s:59:6:59:Infinity":22,"s:60:6:60:Infinity":23,"s:61:6:61:Infinity":24,"s:66:2:70:Infinity":25,"f:66:2:66:18":6,"b:67:4:68:Infinity:undefined:undefined:undefined:undefined":2,"s:67:4:68:Infinity":26,"s:68:6:68:Infinity":27,"s:72:22:76:Infinity":28,"f:72:22:72:34":7,"s:73:19:73:37":29,"b:74:4:76:Infinity:undefined:undefined:undefined:undefined":3,"s:74:4:76:Infinity":30,"s:75:6:75:Infinity":31,"s:76:6:76:Infinity":32,"f:76:6:76:23":8,"s:76:23:76:41":33,"s:80:2:246:Infinity":34,"b:84:7:84:Infinity:85:8:110:Infinity":4,"f:95:76:95:81":9,"s:96:14:99:Infinity":35,"b:115:7:115:35:115:35:115:Infinity:116:8:161:Infinity":5,"b:152:13:152:Infinity:153:14:159:Infinity":6,"b:158:53:158:73:158:73:158:Infinity":7,"b:166:7:166:Infinity:167:8:246:Infinity":8,"b:193:17:193:Infinity:194:18:198:17":9,"f:213:14:213:29":10,"s:213:29:213:59":36,"b:218:30:218:80:218:79:218:Infinity":10,"b:221:13:221:Infinity:222:14:246:Infinity":11,"f:223:25:223:30":11,"s:224:28:224:76":37,"f:224:42:224:47":12,"s:224:52:224:76":38,"b:225:18:225:Infinity:undefined:undefined:undefined:undefined":12,"s:225:18:225:Infinity":39,"s:225:26:225:Infinity":40,"s:227:18:243:Infinity":41,"b:231:26:232:27:232:26:232:Infinity":13,"b:237:52:237:90:237:90:237:Infinity":14}}}
,"C:\\Promptwars\\electiq\\src\\utils\\analytics.js": {"path":"C:\\Promptwars\\electiq\\src\\utils\\analytics.js","statementMap":{"0":{"start":{"line":8,"column":24},"end":{"line":8,"column":null}},"1":{"start":{"line":9,"column":2},"end":{"line":9,"column":null}},"2":{"start":{"line":9,"column":22},"end":{"line":9,"column":null}},"3":{"start":{"line":10,"column":2},"end":{"line":10,"column":null}},"4":{"start":{"line":19,"column":2},"end":{"line":23,"column":null}},"5":{"start":{"line":33,"column":2},"end":{"line":33,"column":null}}},"fnMap":{"0":{"name":"initAnalytics","decl":{"start":{"line":7,"column":16},"end":{"line":7,"column":32}},"loc":{"start":{"line":7,"column":32},"end":{"line":10,"column":null}},"line":7},"1":{"name":"trackPageView","decl":{"start":{"line":18,"column":16},"end":{"line":18,"column":30}},"loc":{"start":{"line":18,"column":43},"end":{"line":23,"column":null}},"line":18},"2":{"name":"trackEvent","decl":{"start":{"line":32,"column":16},"end":{"line":32,"column":27}},"loc":{"start":{"line":32,"column":52},"end":{"line":33,"column":null}},"line":32}},"branchMap":{"0":{"loc":{"start":{"line":9,"column":2},"end":{"line":9,"column":null}},"type":"if","locations":[{"start":{"line":9,"column":2},"end":{"line":9,"column":null}},{"start":{},"end":{}}],"line":9}},"s":{"0":1,"1":1,"2":0,"3":1,"4":3,"5":2},"f":{"0":1,"1":3,"2":2},"b":{"0":[0,1]},"meta":{"lastBranch":1,"lastFunction":3,"lastStatement":6,"seen":{"f:7:16:7:32":0,"s:8:24:8:Infinity":0,"b:9:2:9:Infinity:undefined:undefined:undefined:undefined":0,"s:9:2:9:Infinity":1,"s:9:22:9:Infinity":2,"s:10:2:10:Infinity":3,"f:18:16:18:30":1,"s:19:2:23:Infinity":4,"f:32:16:32:27":2,"s:33:2:33:Infinity":5}}}
,"C:\\Promptwars\\electiq\\src\\utils\\helpers.js": {"path":"C:\\Promptwars\\electiq\\src\\utils\\helpers.js","statementMap":{"0":{"start":{"line":7,"column":2},"end":{"line":10,"column":null}},"1":{"start":{"line":7,"column":18},"end":{"line":10,"column":null}},"2":{"start":{"line":11,"column":2},"end":{"line":14,"column":null}},"3":{"start":{"line":11,"column":18},"end":{"line":14,"column":null}},"4":{"start":{"line":15,"column":2},"end":{"line":18,"column":null}},"5":{"start":{"line":15,"column":18},"end":{"line":18,"column":null}},"6":{"start":{"line":19,"column":2},"end":{"line":22,"column":null}},"7":{"start":{"line":33,"column":2},"end":{"line":33,"column":null}},"8":{"start":{"line":42,"column":2},"end":{"line":44,"column":null}},"9":{"start":{"line":53,"column":14},"end":{"line":53,"column":33}},"10":{"start":{"line":54,"column":2},"end":{"line":61,"column":null}},"11":{"start":{"line":56,"column":4},"end":{"line":61,"column":null}},"12":{"start":{"line":62,"column":2},"end":{"line":70,"column":null}},"13":{"start":{"line":64,"column":4},"end":{"line":70,"column":null}},"14":{"start":{"line":71,"column":2},"end":{"line":80,"column":null}},"15":{"start":{"line":74,"column":4},"end":{"line":80,"column":null}},"16":{"start":{"line":81,"column":2},"end":{"line":88,"column":null}},"17":{"start":{"line":82,"column":4},"end":{"line":88,"column":null}},"18":{"start":{"line":89,"column":2},"end":{"line":96,"column":null}},"19":{"start":{"line":91,"column":4},"end":{"line":96,"column":null}},"20":{"start":{"line":97,"column":2},"end":{"line":105,"column":null}},"21":{"start":{"line":99,"column":4},"end":{"line":105,"column":null}},"22":{"start":{"line":106,"column":2},"end":{"line":112,"column":null}},"23":{"start":{"line":109,"column":4},"end":{"line":112,"column":null}},"24":{"start":{"line":113,"column":2},"end":{"line":123,"column":null}},"25":{"start":{"line":116,"column":4},"end":{"line":123,"column":null}},"26":{"start":{"line":124,"column":2},"end":{"line":133,"column":null}},"27":{"start":{"line":126,"column":4},"end":{"line":133,"column":null}},"28":{"start":{"line":134,"column":2},"end":{"line":139,"column":null}}},"fnMap":{"0":{"name":"getScoreResult","decl":{"start":{"line":6,"column":16},"end":{"line":6,"column":31}},"loc":{"start":{"line":6,"column":38},"end":{"line":22,"column":null}},"line":6},"1":{"name":"getNextFactIndex","decl":{"start":{"line":32,"column":16},"end":{"line":32,"column":33}},"loc":{"start":{"line":32,"column":49},"end":{"line":33,"column":null}},"line":32},"2":{"name":"formatShareText","decl":{"start":{"line":41,"column":16},"end":{"line":41,"column":32}},"loc":{"start":{"line":41,"column":39},"end":{"line":44,"column":null}},"line":41},"3":{"name":"getMockReply","decl":{"start":{"line":52,"column":16},"end":{"line":52,"column":29}},"loc":{"start":{"line":52,"column":36},"end":{"line":139,"column":null}},"line":52}},"branchMap":{"0":{"loc":{"start":{"line":7,"column":2},"end":{"line":10,"column":null}},"type":"if","locations":[{"start":{"line":7,"column":2},"end":{"line":10,"column":null}},{"start":{},"end":{}}],"line":7},"1":{"loc":{"start":{"line":11,"column":2},"end":{"line":14,"column":null}},"type":"if","locations":[{"start":{"line":11,"column":2},"end":{"line":14,"column":null}},{"start":{},"end":{}}],"line":11},"2":{"loc":{"start":{"line":15,"column":2},"end":{"line":18,"column":null}},"type":"if","locations":[{"start":{"line":15,"column":2},"end":{"line":18,"column":null}},{"start":{},"end":{}}],"line":15},"3":{"loc":{"start":{"line":33,"column":9},"end":{"line":33,"column":null}},"type":"cond-expr","locations":[{"start":{"line":33,"column":33},"end":{"line":33,"column":37}},{"start":{"line":33,"column":37},"end":{"line":33,"column":null}}],"line":33},"4":{"loc":{"start":{"line":54,"column":2},"end":{"line":61,"column":null}},"type":"if","locations":[{"start":{"line":54,"column":2},"end":{"line":61,"column":null}},{"start":{},"end":{}}],"line":54},"5":{"loc":{"start":{"line":54,"column":6},"end":{"line":55,"column":34}},"type":"binary-expr","locations":[{"start":{"line":54,"column":6},"end":{"line":54,"column":30}},{"start":{"line":55,"column":6},"end":{"line":55,"column":34}}],"line":54},"6":{"loc":{"start":{"line":62,"column":2},"end":{"line":70,"column":null}},"type":"if","locations":[{"start":{"line":62,"column":2},"end":{"line":70,"column":null}},{"start":{},"end":{}}],"line":62},"7":{"loc":{"start":{"line":62,"column":6},"end":{"line":63,"column":36}},"type":"binary-expr","locations":[{"start":{"line":62,"column":6},"end":{"line":62,"column":25}},{"start":{"line":63,"column":6},"end":{"line":63,"column":36}}],"line":62},"8":{"loc":{"start":{"line":71,"column":2},"end":{"line":80,"column":null}},"type":"if","locations":[{"start":{"line":71,"column":2},"end":{"line":80,"column":null}},{"start":{},"end":{}}],"line":71},"9":{"loc":{"start":{"line":71,"column":6},"end":{"line":73,"column":32}},"type":"binary-expr","locations":[{"start":{"line":71,"column":6},"end":{"line":71,"column":31}},{"start":{"line":72,"column":6},"end":{"line":72,"column":34}},{"start":{"line":73,"column":6},"end":{"line":73,"column":32}}],"line":71},"10":{"loc":{"start":{"line":81,"column":2},"end":{"line":88,"column":null}},"type":"if","locations":[{"start":{"line":81,"column":2},"end":{"line":88,"column":null}},{"start":{},"end":{}}],"line":81},"11":{"loc":{"start":{"line":89,"column":2},"end":{"line":96,"column":null}},"type":"if","locations":[{"start":{"line":89,"column":2},"end":{"line":96,"column":null}},{"start":{},"end":{}}],"line":89},"12":{"loc":{"start":{"line":89,"column":6},"end":{"line":90,"column":30}},"type":"binary-expr","locations":[{"start":{"line":89,"column":6},"end":{"line":89,"column":27}},{"start":{"line":90,"column":6},"end":{"line":90,"column":30}}],"line":89},"13":{"loc":{"start":{"line":97,"column":2},"end":{"line":105,"column":null}},"type":"if","locations":[{"start":{"line":97,"column":2},"end":{"line":105,"column":null}},{"start":{},"end":{}}],"line":97},"14":{"loc":{"start":{"line":97,"column":6},"end":{"line":98,"column":32}},"type":"binary-expr","locations":[{"start":{"line":97,"column":6},"end":{"line":97,"column":25}},{"start":{"line":98,"column":6},"end":{"line":98,"column":32}}],"line":97},"15":{"loc":{"start":{"line":106,"column":2},"end":{"line":112,"column":null}},"type":"if","locations":[{"start":{"line":106,"column":2},"end":{"line":112,"column":null}},{"start":{},"end":{}}],"line":106},"16":{"loc":{"start":{"line":106,"column":6},"end":{"line":108,"column":29}},"type":"binary-expr","locations":[{"start":{"line":106,"column":6},"end":{"line":106,"column":25}},{"start":{"line":107,"column":6},"end":{"line":107,"column":24}},{"start":{"line":108,"column":6},"end":{"line":108,"column":29}}],"line":106},"17":{"loc":{"start":{"line":113,"column":2},"end":{"line":123,"column":null}},"type":"if","locations":[{"start":{"line":113,"column":2},"end":{"line":123,"column":null}},{"start":{},"end":{}}],"line":113},"18":{"loc":{"start":{"line":113,"column":6},"end":{"line":115,"column":27}},"type":"binary-expr","locations":[{"start":{"line":113,"column":6},"end":{"line":113,"column":25}},{"start":{"line":114,"column":6},"end":{"line":114,"column":30}},{"start":{"line":115,"column":6},"end":{"line":115,"column":27}}],"line":113},"19":{"loc":{"start":{"line":124,"column":2},"end":{"line":133,"column":null}},"type":"if","locations":[{"start":{"line":124,"column":2},"end":{"line":133,"column":null}},{"start":{},"end":{}}],"line":124},"20":{"loc":{"start":{"line":124,"column":6},"end":{"line":125,"column":29}},"type":"binary-expr","locations":[{"start":{"line":124,"column":6},"end":{"line":124,"column":34}},{"start":{"line":125,"column":6},"end":{"line":125,"column":29}}],"line":124}},"s":{"0":30,"1":25,"2":5,"3":5,"4":3,"5":3,"6":1,"7":7,"8":0,"9":3,"10":3,"11":1,"12":2,"13":1,"14":1,"15":0,"16":1,"17":1,"18":1,"19":0,"20":1,"21":0,"22":1,"23":0,"24":1,"25":0,"26":1,"27":0,"28":1},"f":{"0":30,"1":7,"2":0,"3":3},"b":{"0":[25,5],"1":[2,3],"2":[2,1],"3":[2,5],"4":[1,2],"5":[3,2],"6":[1,1],"7":[2,1],"8":[0,1],"9":[1,1,1],"10":[0,1],"11":[0,1],"12":[1,1],"13":[0,1],"14":[1,1],"15":[0,1],"16":[1,1,1],"17":[0,1],"18":[1,1,1],"19":[0,1],"20":[1,1]},"meta":{"lastBranch":21,"lastFunction":4,"lastStatement":29,"seen":{"f:6:16:6:31":0,"b:7:2:10:Infinity:undefined:undefined:undefined:undefined":0,"s:7:2:10:Infinity":0,"s:7:18:10:Infinity":1,"b:11:2:14:Infinity:undefined:undefined:undefined:undefined":1,"s:11:2:14:Infinity":2,"s:11:18:14:Infinity":3,"b:15:2:18:Infinity:undefined:undefined:undefined:undefined":2,"s:15:2:18:Infinity":4,"s:15:18:18:Infinity":5,"s:19:2:22:Infinity":6,"f:32:16:32:33":1,"s:33:2:33:Infinity":7,"b:33:33:33:37:33:37:33:Infinity":3,"f:41:16:41:32":2,"s:42:2:44:Infinity":8,"f:52:16:52:29":3,"s:53:14:53:33":9,"b:54:2:61:Infinity:undefined:undefined:undefined:undefined":4,"s:54:2:61:Infinity":10,"b:54:6:54:30:55:6:55:34":5,"s:56:4:61:Infinity":11,"b:62:2:70:Infinity:undefined:undefined:undefined:undefined":6,"s:62:2:70:Infinity":12,"b:62:6:62:25:63:6:63:36":7,"s:64:4:70:Infinity":13,"b:71:2:80:Infinity:undefined:undefined:undefined:undefined":8,"s:71:2:80:Infinity":14,"b:71:6:71:31:72:6:72:34:73:6:73:32":9,"s:74:4:80:Infinity":15,"b:81:2:88:Infinity:undefined:undefined:undefined:undefined":10,"s:81:2:88:Infinity":16,"s:82:4:88:Infinity":17,"b:89:2:96:Infinity:undefined:undefined:undefined:undefined":11,"s:89:2:96:Infinity":18,"b:89:6:89:27:90:6:90:30":12,"s:91:4:96:Infinity":19,"b:97:2:105:Infinity:undefined:undefined:undefined:undefined":13,"s:97:2:105:Infinity":20,"b:97:6:97:25:98:6:98:32":14,"s:99:4:105:Infinity":21,"b:106:2:112:Infinity:undefined:undefined:undefined:undefined":15,"s:106:2:112:Infinity":22,"b:106:6:106:25:107:6:107:24:108:6:108:29":16,"s:109:4:112:Infinity":23,"b:113:2:123:Infinity:undefined:undefined:undefined:undefined":17,"s:113:2:123:Infinity":24,"b:113:6:113:25:114:6:114:30:115:6:115:27":18,"s:116:4:123:Infinity":25,"b:124:2:133:Infinity:undefined:undefined:undefined:undefined":19,"s:124:2:133:Infinity":26,"b:124:6:124:34:125:6:125:29":20,"s:126:4:133:Infinity":27,"s:134:2:139:Infinity":28}}}
}
